<?xml version="1.0" encoding="UTF-8"?>
<testng-results ignored="0" total="1" passed="1" failed="0" skipped="0">
  <reporter-output>
  </reporter-output>
  <suite started-at="2023-04-01T12:00:57 IST" name="Default suite" finished-at="2023-04-01T12:01:24 IST" duration-ms="26970">
    <groups>
    </groups>
    <test started-at="2023-04-01T12:00:57 IST" name="Default test" finished-at="2023-04-01T12:01:24 IST" duration-ms="26970">
      <class name="testExecution.TestngClass3">
        <test-method is-config="true" signature="property()[pri:0, instance:testExecution.TestngClass3@101952da]" started-at="2023-04-01T12:00:57 IST" name="property" finished-at="2023-04-01T12:00:57 IST" duration-ms="12" status="PASS">
          <reporter-output>
          </reporter-output>
        </test-method> <!-- property -->
        <test-method is-config="true" signature="setUp()[pri:0, instance:testExecution.TestngClass3@101952da]" started-at="2023-04-01T12:00:57 IST" name="setUp" finished-at="2023-04-01T12:01:13 IST" duration-ms="15092" status="PASS">
          <reporter-output>
          </reporter-output>
        </test-method> <!-- setUp -->
        <test-method signature="serach3()[pri:0, instance:testExecution.TestngClass3@101952da]" started-at="2023-04-01T12:01:13 IST" name="serach3" finished-at="2023-04-01T12:01:23 IST" duration-ms="10033" status="PASS">
          <reporter-output>
          </reporter-output>
        </test-method> <!-- serach3 -->
        <test-method is-config="true" signature="tearDown()[pri:0, instance:testExecution.TestngClass3@101952da]" started-at="2023-04-01T12:01:23 IST" name="tearDown" finished-at="2023-04-01T12:01:24 IST" duration-ms="1756" status="PASS">
          <reporter-output>
          </reporter-output>
        </test-method> <!-- tearDown -->
      </class> <!-- testExecution.TestngClass3 -->
    </test> <!-- Default test -->
  </suite> <!-- Default suite -->
</testng-results>
