<?xml version="1.0" encoding="UTF-8"?>
<!-- Generated by org.testng.reporters.JUnitXMLReporter -->
<testsuite ignored="0" hostname="LAPTOP-JJSQ7MEP" failures="0" tests="9" name="Test" time="0.241" errors="0" timestamp="2023-03-26T11:54:39 IST">
  <testcase classname="testNGpack.Demo" name="f" time="0.021"/>
  <testcase classname="testNGpack.Demo" name="m" time="0.005"/>
  <testcase classname="testNGpack.Demo" name="m5" time="0.004"/>
  <testcase classname="testNGpack.Demo2" name="f" time="0.013"/>
  <testcase classname="testNGpack.Demo2" name="m1" time="0.006"/>
  <testcase classname="testNGpack.Demo2" name="m2" time="0.004"/>
  <testcase classname="testNGpack.Demo1" name="f" time="0.011"/>
  <testcase classname="testNGpack.Demo1" name="f1" time="0.004"/>
  <testcase classname="testNGpack.Demo1" name="f2" time="0.002"/>
</testsuite> <!-- Test -->
