<?xml version="1.0" encoding="UTF-8"?>
<!-- Generated by org.testng.reporters.JUnitReportReporter -->
<testsuite hostname="LAPTOP-JJSQ7MEP" failures="0" tests="1000" name="testNGFlag.Flag4" time="12.500" errors="0" timestamp="2023-04-01T11:45:36 IST" skipped="0">
  <testcase classname="testNGFlag.Flag4" name="ft" time="0.000"/>
  <system-out>
    <![CDATA[FTC is executing!!!]]>
  </system-out>
  <testcase classname="testNGFlag.Flag4" name="ft" time="0.001"/>
  <system-out>
    <![CDATA[FTC is executing!!!]]>
  </system-out>
  <testcase classname="testNGFlag.Flag4" name="ft" time="0.002"/>
  <system-out>
    <![CDATA[FTC is executing!!!]]>
  </system-out>
  <testcase classname="testNGFlag.Flag4" name="ft" time="0.001"/>
  <system-out>
    <![CDATA[FTC is executing!!!]]>
  </system-out>
  <testcase classname="testNGFlag.Flag4" name="ft" time="0.000"/>
  <system-out>
    <![CDATA[FTC is executing!!!]]>
  </system-out>
  <testcase classname="testNGFlag.Flag4" name="ft" time="0.042"/>
  <system-out>
    <![CDATA[FTC is executing!!!]]>
  </system-out>
  <testcase classname="testNGFlag.Flag4" name="ft" time="0.000"/>
  <system-out>
    <![CDATA[FTC is executing!!!]]>
  </system-out>
  <testcase classname="testNGFlag.Flag4" name="ft" time="0.000"/>
  <system-out>
    <![CDATA[FTC is executing!!!]]>
  </system-out>
  <testcase classname="testNGFlag.Flag4" name="ft" time="0.001"/>
  <system-out>
    <![CDATA[FTC is executing!!!]]>
  </system-out>
  <testcase classname="testNGFlag.Flag4" name="ft" time="0.000"/>
  <system-out>
    <![CDATA[FTC is executing!!!]]>
  </system-out>
  <testcase classname="testNGFlag.Flag4" name="ft" time="0.001"/>
  <system-out>
    <![CDATA[FTC is executing!!!]]>
  </system-out>
  <testcase classname="testNGFlag.Flag4" name="ft" time="0.000"/>
  <system-out>
    <![CDATA[FTC is executing!!!]]>
  </system-out>
  <testcase classname="testNGFlag.Flag4" name="ft" time="0.000"/>
  <system-out>
    <![CDATA[FTC is executing!!!]]>
  </system-out>
  <testcase classname="testNGFlag.Flag4" name="ft" time="0.000"/>
  <system-out>
    <![CDATA[FTC is executing!!!]]>
  </system-out>
  <testcase classname="testNGFlag.Flag4" name="ft" time="0.001"/>
  <system-out>
    <![CDATA[FTC is executing!!!]]>
  </system-out>
  <testcase classname="testNGFlag.Flag4" name="ft" time="0.000"/>
  <system-out>
    <![CDATA[FTC is executing!!!]]>
  </system-out>
  <testcase classname="testNGFlag.Flag4" name="ft" time="0.002"/>
  <system-out>
    <![CDATA[FTC is executing!!!]]>
  </system-out>
  <testcase classname="testNGFlag.Flag4" name="ft" time="0.000"/>
  <system-out>
    <![CDATA[FTC is executing!!!]]>
  </system-out>
  <testcase classname="testNGFlag.Flag4" name="ft" time="0.000"/>
  <system-out>
    <![CDATA[FTC is executing!!!]]>
  </system-out>
  <testcase classname="testNGFlag.Flag4" name="ft" time="0.000"/>
  <system-out>
    <![CDATA[FTC is executing!!!]]>
  </system-out>
  <testcase classname="testNGFlag.Flag4" name="ft" time="0.000"/>
  <system-out>
    <![CDATA[FTC is executing!!!]]>
  </system-out>
  <testcase classname="testNGFlag.Flag4" name="ft" time="0.001"/>
  <system-out>
    <![CDATA[FTC is executing!!!]]>
  </system-out>
  <testcase classname="testNGFlag.Flag4" name="ft" time="0.000"/>
  <system-out>
    <![CDATA[FTC is executing!!!]]>
  </system-out>
  <testcase classname="testNGFlag.Flag4" name="ft" time="0.000"/>
  <system-out>
    <![CDATA[FTC is executing!!!]]>
  </system-out>
  <testcase classname="testNGFlag.Flag4" name="ft" time="0.000"/>
  <system-out>
    <![CDATA[FTC is executing!!!]]>
  </system-out>
  <testcase classname="testNGFlag.Flag4" name="ft" time="0.000"/>
  <system-out>
    <![CDATA[FTC is executing!!!]]>
  </system-out>
  <testcase classname="testNGFlag.Flag4" name="ft" time="0.000"/>
  <system-out>
    <![CDATA[FTC is executing!!!]]>
  </system-out>
  <testcase classname="testNGFlag.Flag4" name="ft" time="0.000"/>
  <system-out>
    <![CDATA[FTC is executing!!!]]>
  </system-out>
  <testcase classname="testNGFlag.Flag4" name="ft" time="0.000"/>
  <system-out>
    <![CDATA[FTC is executing!!!]]>
  </system-out>
  <testcase classname="testNGFlag.Flag4" name="ft" time="0.000"/>
  <system-out>
    <![CDATA[FTC is executing!!!]]>
  </system-out>
  <testcase classname="testNGFlag.Flag4" name="ft" time="0.003"/>
  <system-out>
    <![CDATA[FTC is executing!!!]]>
  </system-out>
  <testcase classname="testNGFlag.Flag4" name="ft" time="0.001"/>
  <system-out>
    <![CDATA[FTC is executing!!!]]>
  </system-out>
  <testcase classname="testNGFlag.Flag4" name="ft" time="0.001"/>
  <system-out>
    <![CDATA[FTC is executing!!!]]>
  </system-out>
  <testcase classname="testNGFlag.Flag4" name="ft" time="0.000"/>
  <system-out>
    <![CDATA[FTC is executing!!!]]>
  </system-out>
  <testcase classname="testNGFlag.Flag4" name="ft" time="0.000"/>
  <system-out>
    <![CDATA[FTC is executing!!!]]>
  </system-out>
  <testcase classname="testNGFlag.Flag4" name="ft" time="0.003"/>
  <system-out>
    <![CDATA[FTC is executing!!!]]>
  </system-out>
  <testcase classname="testNGFlag.Flag4" name="ft" time="0.000"/>
  <system-out>
    <![CDATA[FTC is executing!!!]]>
  </system-out>
  <testcase classname="testNGFlag.Flag4" name="ft" time="0.000"/>
  <system-out>
    <![CDATA[FTC is executing!!!]]>
  </system-out>
  <testcase classname="testNGFlag.Flag4" name="ft" time="0.000"/>
  <system-out>
    <![CDATA[FTC is executing!!!]]>
  </system-out>
  <testcase classname="testNGFlag.Flag4" name="ft" time="0.000"/>
  <system-out>
    <![CDATA[FTC is executing!!!]]>
  </system-out>
  <testcase classname="testNGFlag.Flag4" name="ft" time="0.000"/>
  <system-out>
    <![CDATA[FTC is executing!!!]]>
  </system-out>
  <testcase classname="testNGFlag.Flag4" name="ft" time="0.000"/>
  <system-out>
    <![CDATA[FTC is executing!!!]]>
  </system-out>
  <testcase classname="testNGFlag.Flag4" name="ft" time="0.001"/>
  <system-out>
    <![CDATA[FTC is executing!!!]]>
  </system-out>
  <testcase classname="testNGFlag.Flag4" name="ft" time="0.001"/>
  <system-out>
    <![CDATA[FTC is executing!!!]]>
  </system-out>
  <testcase classname="testNGFlag.Flag4" name="ft" time="0.000"/>
  <system-out>
    <![CDATA[FTC is executing!!!]]>
  </system-out>
  <testcase classname="testNGFlag.Flag4" name="ft" time="0.000"/>
  <system-out>
    <![CDATA[FTC is executing!!!]]>
  </system-out>
  <testcase classname="testNGFlag.Flag4" name="ft" time="0.001"/>
  <system-out>
    <![CDATA[FTC is executing!!!]]>
  </system-out>
  <testcase classname="testNGFlag.Flag4" name="ft" time="0.000"/>
  <system-out>
    <![CDATA[FTC is executing!!!]]>
  </system-out>
  <testcase classname="testNGFlag.Flag4" name="ft" time="0.000"/>
  <system-out>
    <![CDATA[FTC is executing!!!]]>
  </system-out>
  <testcase classname="testNGFlag.Flag4" name="ft" time="0.003"/>
  <system-out>
    <![CDATA[FTC is executing!!!]]>
  </system-out>
  <testcase classname="testNGFlag.Flag4" name="ft" time="0.000"/>
  <system-out>
    <![CDATA[FTC is executing!!!]]>
  </system-out>
  <testcase classname="testNGFlag.Flag4" name="ft" time="0.001"/>
  <system-out>
    <![CDATA[FTC is executing!!!]]>
  </system-out>
  <testcase classname="testNGFlag.Flag4" name="ft" time="0.000"/>
  <system-out>
    <![CDATA[FTC is executing!!!]]>
  </system-out>
  <testcase classname="testNGFlag.Flag4" name="ft" time="0.000"/>
  <system-out>
    <![CDATA[FTC is executing!!!]]>
  </system-out>
  <testcase classname="testNGFlag.Flag4" name="ft" time="0.000"/>
  <system-out>
    <![CDATA[FTC is executing!!!]]>
  </system-out>
  <testcase classname="testNGFlag.Flag4" name="ft" time="0.000"/>
  <system-out>
    <![CDATA[FTC is executing!!!]]>
  </system-out>
  <testcase classname="testNGFlag.Flag4" name="ft" time="0.001"/>
  <system-out>
    <![CDATA[FTC is executing!!!]]>
  </system-out>
  <testcase classname="testNGFlag.Flag4" name="ft" time="0.899"/>
  <system-out>
    <![CDATA[FTC is executing!!!]]>
  </system-out>
  <testcase classname="testNGFlag.Flag4" name="ft" time="0.001"/>
  <system-out>
    <![CDATA[FTC is executing!!!]]>
  </system-out>
  <testcase classname="testNGFlag.Flag4" name="ft" time="0.000"/>
  <system-out>
    <![CDATA[FTC is executing!!!]]>
  </system-out>
  <testcase classname="testNGFlag.Flag4" name="ft" time="0.000"/>
  <system-out>
    <![CDATA[FTC is executing!!!]]>
  </system-out>
  <testcase classname="testNGFlag.Flag4" name="ft" time="0.000"/>
  <system-out>
    <![CDATA[FTC is executing!!!]]>
  </system-out>
  <testcase classname="testNGFlag.Flag4" name="ft" time="0.000"/>
  <system-out>
    <![CDATA[FTC is executing!!!]]>
  </system-out>
  <testcase classname="testNGFlag.Flag4" name="ft" time="0.000"/>
  <system-out>
    <![CDATA[FTC is executing!!!]]>
  </system-out>
  <testcase classname="testNGFlag.Flag4" name="ft" time="0.000"/>
  <system-out>
    <![CDATA[FTC is executing!!!]]>
  </system-out>
  <testcase classname="testNGFlag.Flag4" name="ft" time="0.000"/>
  <system-out>
    <![CDATA[FTC is executing!!!]]>
  </system-out>
  <testcase classname="testNGFlag.Flag4" name="ft" time="0.000"/>
  <system-out>
    <![CDATA[FTC is executing!!!]]>
  </system-out>
  <testcase classname="testNGFlag.Flag4" name="ft" time="0.001"/>
  <system-out>
    <![CDATA[FTC is executing!!!]]>
  </system-out>
  <testcase classname="testNGFlag.Flag4" name="ft" time="0.001"/>
  <system-out>
    <![CDATA[FTC is executing!!!]]>
  </system-out>
  <testcase classname="testNGFlag.Flag4" name="ft" time="0.000"/>
  <system-out>
    <![CDATA[FTC is executing!!!]]>
  </system-out>
  <testcase classname="testNGFlag.Flag4" name="ft" time="0.001"/>
  <system-out>
    <![CDATA[FTC is executing!!!]]>
  </system-out>
  <testcase classname="testNGFlag.Flag4" name="ft" time="0.000"/>
  <system-out>
    <![CDATA[FTC is executing!!!]]>
  </system-out>
  <testcase classname="testNGFlag.Flag4" name="ft" time="0.000"/>
  <system-out>
    <![CDATA[FTC is executing!!!]]>
  </system-out>
  <testcase classname="testNGFlag.Flag4" name="ft" time="0.001"/>
  <system-out>
    <![CDATA[FTC is executing!!!]]>
  </system-out>
  <testcase classname="testNGFlag.Flag4" name="ft" time="0.000"/>
  <system-out>
    <![CDATA[FTC is executing!!!]]>
  </system-out>
  <testcase classname="testNGFlag.Flag4" name="ft" time="0.000"/>
  <system-out>
    <![CDATA[FTC is executing!!!]]>
  </system-out>
  <testcase classname="testNGFlag.Flag4" name="ft" time="0.000"/>
  <system-out>
    <![CDATA[FTC is executing!!!]]>
  </system-out>
  <testcase classname="testNGFlag.Flag4" name="ft" time="0.000"/>
  <system-out>
    <![CDATA[FTC is executing!!!]]>
  </system-out>
  <testcase classname="testNGFlag.Flag4" name="ft" time="0.000"/>
  <system-out>
    <![CDATA[FTC is executing!!!]]>
  </system-out>
  <testcase classname="testNGFlag.Flag4" name="ft" time="0.000"/>
  <system-out>
    <![CDATA[FTC is executing!!!]]>
  </system-out>
  <testcase classname="testNGFlag.Flag4" name="ft" time="0.000"/>
  <system-out>
    <![CDATA[FTC is executing!!!]]>
  </system-out>
  <testcase classname="testNGFlag.Flag4" name="ft" time="0.001"/>
  <system-out>
    <![CDATA[FTC is executing!!!]]>
  </system-out>
  <testcase classname="testNGFlag.Flag4" name="ft" time="0.000"/>
  <system-out>
    <![CDATA[FTC is executing!!!]]>
  </system-out>
  <testcase classname="testNGFlag.Flag4" name="ft" time="0.001"/>
  <system-out>
    <![CDATA[FTC is executing!!!]]>
  </system-out>
  <testcase classname="testNGFlag.Flag4" name="ft" time="0.000"/>
  <system-out>
    <![CDATA[FTC is executing!!!]]>
  </system-out>
  <testcase classname="testNGFlag.Flag4" name="ft" time="0.000"/>
  <system-out>
    <![CDATA[FTC is executing!!!]]>
  </system-out>
  <testcase classname="testNGFlag.Flag4" name="ft" time="0.000"/>
  <system-out>
    <![CDATA[FTC is executing!!!]]>
  </system-out>
  <testcase classname="testNGFlag.Flag4" name="ft" time="0.000"/>
  <system-out>
    <![CDATA[FTC is executing!!!]]>
  </system-out>
  <testcase classname="testNGFlag.Flag4" name="ft" time="0.005"/>
  <system-out>
    <![CDATA[FTC is executing!!!]]>
  </system-out>
  <testcase classname="testNGFlag.Flag4" name="ft" time="0.000"/>
  <system-out>
    <![CDATA[FTC is executing!!!]]>
  </system-out>
  <testcase classname="testNGFlag.Flag4" name="ft" time="0.000"/>
  <system-out>
    <![CDATA[FTC is executing!!!]]>
  </system-out>
  <testcase classname="testNGFlag.Flag4" name="ft" time="0.000"/>
  <system-out>
    <![CDATA[FTC is executing!!!]]>
  </system-out>
  <testcase classname="testNGFlag.Flag4" name="ft" time="0.005"/>
  <system-out>
    <![CDATA[FTC is executing!!!]]>
  </system-out>
  <testcase classname="testNGFlag.Flag4" name="ft" time="0.000"/>
  <system-out>
    <![CDATA[FTC is executing!!!]]>
  </system-out>
  <testcase classname="testNGFlag.Flag4" name="ft" time="0.000"/>
  <system-out>
    <![CDATA[FTC is executing!!!]]>
  </system-out>
  <testcase classname="testNGFlag.Flag4" name="ft" time="0.000"/>
  <system-out>
    <![CDATA[FTC is executing!!!]]>
  </system-out>
  <testcase classname="testNGFlag.Flag4" name="ft" time="0.000"/>
  <system-out>
    <![CDATA[FTC is executing!!!]]>
  </system-out>
  <testcase classname="testNGFlag.Flag4" name="ft" time="0.000"/>
  <system-out>
    <![CDATA[FTC is executing!!!]]>
  </system-out>
  <testcase classname="testNGFlag.Flag4" name="ft" time="0.000"/>
  <system-out>
    <![CDATA[FTC is executing!!!]]>
  </system-out>
  <testcase classname="testNGFlag.Flag4" name="ft" time="0.000"/>
  <system-out>
    <![CDATA[FTC is executing!!!]]>
  </system-out>
  <testcase classname="testNGFlag.Flag4" name="ft" time="0.001"/>
  <system-out>
    <![CDATA[FTC is executing!!!]]>
  </system-out>
  <testcase classname="testNGFlag.Flag4" name="ft" time="0.001"/>
  <system-out>
    <![CDATA[FTC is executing!!!]]>
  </system-out>
  <testcase classname="testNGFlag.Flag4" name="ft" time="0.001"/>
  <system-out>
    <![CDATA[FTC is executing!!!]]>
  </system-out>
  <testcase classname="testNGFlag.Flag4" name="ft" time="0.000"/>
  <system-out>
    <![CDATA[FTC is executing!!!]]>
  </system-out>
  <testcase classname="testNGFlag.Flag4" name="ft" time="0.000"/>
  <system-out>
    <![CDATA[FTC is executing!!!]]>
  </system-out>
  <testcase classname="testNGFlag.Flag4" name="ft" time="0.000"/>
  <system-out>
    <![CDATA[FTC is executing!!!]]>
  </system-out>
  <testcase classname="testNGFlag.Flag4" name="ft" time="0.000"/>
  <system-out>
    <![CDATA[FTC is executing!!!]]>
  </system-out>
  <testcase classname="testNGFlag.Flag4" name="ft" time="0.000"/>
  <system-out>
    <![CDATA[FTC is executing!!!]]>
  </system-out>
  <testcase classname="testNGFlag.Flag4" name="ft" time="0.001"/>
  <system-out>
    <![CDATA[FTC is executing!!!]]>
  </system-out>
  <testcase classname="testNGFlag.Flag4" name="ft" time="0.001"/>
  <system-out>
    <![CDATA[FTC is executing!!!]]>
  </system-out>
  <testcase classname="testNGFlag.Flag4" name="ft" time="0.000"/>
  <system-out>
    <![CDATA[FTC is executing!!!]]>
  </system-out>
  <testcase classname="testNGFlag.Flag4" name="ft" time="0.000"/>
  <system-out>
    <![CDATA[FTC is executing!!!]]>
  </system-out>
  <testcase classname="testNGFlag.Flag4" name="ft" time="0.002"/>
  <system-out>
    <![CDATA[FTC is executing!!!]]>
  </system-out>
  <testcase classname="testNGFlag.Flag4" name="ft" time="0.001"/>
  <system-out>
    <![CDATA[FTC is executing!!!]]>
  </system-out>
  <testcase classname="testNGFlag.Flag4" name="ft" time="0.000"/>
  <system-out>
    <![CDATA[FTC is executing!!!]]>
  </system-out>
  <testcase classname="testNGFlag.Flag4" name="ft" time="0.001"/>
  <system-out>
    <![CDATA[FTC is executing!!!]]>
  </system-out>
  <testcase classname="testNGFlag.Flag4" name="ft" time="0.002"/>
  <system-out>
    <![CDATA[FTC is executing!!!]]>
  </system-out>
  <testcase classname="testNGFlag.Flag4" name="ft" time="0.000"/>
  <system-out>
    <![CDATA[FTC is executing!!!]]>
  </system-out>
  <testcase classname="testNGFlag.Flag4" name="ft" time="0.000"/>
  <system-out>
    <![CDATA[FTC is executing!!!]]>
  </system-out>
  <testcase classname="testNGFlag.Flag4" name="ft" time="0.005"/>
  <system-out>
    <![CDATA[FTC is executing!!!]]>
  </system-out>
  <testcase classname="testNGFlag.Flag4" name="ft" time="0.004"/>
  <system-out>
    <![CDATA[FTC is executing!!!]]>
  </system-out>
  <testcase classname="testNGFlag.Flag4" name="ft" time="0.000"/>
  <system-out>
    <![CDATA[FTC is executing!!!]]>
  </system-out>
  <testcase classname="testNGFlag.Flag4" name="ft" time="0.001"/>
  <system-out>
    <![CDATA[FTC is executing!!!]]>
  </system-out>
  <testcase classname="testNGFlag.Flag4" name="ft" time="0.001"/>
  <system-out>
    <![CDATA[FTC is executing!!!]]>
  </system-out>
  <testcase classname="testNGFlag.Flag4" name="ft" time="0.000"/>
  <system-out>
    <![CDATA[FTC is executing!!!]]>
  </system-out>
  <testcase classname="testNGFlag.Flag4" name="ft" time="0.001"/>
  <system-out>
    <![CDATA[FTC is executing!!!]]>
  </system-out>
  <testcase classname="testNGFlag.Flag4" name="ft" time="0.001"/>
  <system-out>
    <![CDATA[FTC is executing!!!]]>
  </system-out>
  <testcase classname="testNGFlag.Flag4" name="ft" time="0.000"/>
  <system-out>
    <![CDATA[FTC is executing!!!]]>
  </system-out>
  <testcase classname="testNGFlag.Flag4" name="ft" time="0.000"/>
  <system-out>
    <![CDATA[FTC is executing!!!]]>
  </system-out>
  <testcase classname="testNGFlag.Flag4" name="ft" time="0.001"/>
  <system-out>
    <![CDATA[FTC is executing!!!]]>
  </system-out>
  <testcase classname="testNGFlag.Flag4" name="ft" time="0.000"/>
  <system-out>
    <![CDATA[FTC is executing!!!]]>
  </system-out>
  <testcase classname="testNGFlag.Flag4" name="ft" time="0.000"/>
  <system-out>
    <![CDATA[FTC is executing!!!]]>
  </system-out>
  <testcase classname="testNGFlag.Flag4" name="ft" time="0.000"/>
  <system-out>
    <![CDATA[FTC is executing!!!]]>
  </system-out>
  <testcase classname="testNGFlag.Flag4" name="ft" time="0.000"/>
  <system-out>
    <![CDATA[FTC is executing!!!]]>
  </system-out>
  <testcase classname="testNGFlag.Flag4" name="ft" time="0.000"/>
  <system-out>
    <![CDATA[FTC is executing!!!]]>
  </system-out>
  <testcase classname="testNGFlag.Flag4" name="ft" time="0.000"/>
  <system-out>
    <![CDATA[FTC is executing!!!]]>
  </system-out>
  <testcase classname="testNGFlag.Flag4" name="ft" time="0.000"/>
  <system-out>
    <![CDATA[FTC is executing!!!]]>
  </system-out>
  <testcase classname="testNGFlag.Flag4" name="ft" time="0.008"/>
  <system-out>
    <![CDATA[FTC is executing!!!]]>
  </system-out>
  <testcase classname="testNGFlag.Flag4" name="ft" time="0.005"/>
  <system-out>
    <![CDATA[FTC is executing!!!]]>
  </system-out>
  <testcase classname="testNGFlag.Flag4" name="ft" time="0.001"/>
  <system-out>
    <![CDATA[FTC is executing!!!]]>
  </system-out>
  <testcase classname="testNGFlag.Flag4" name="ft" time="0.000"/>
  <system-out>
    <![CDATA[FTC is executing!!!]]>
  </system-out>
  <testcase classname="testNGFlag.Flag4" name="ft" time="0.001"/>
  <system-out>
    <![CDATA[FTC is executing!!!]]>
  </system-out>
  <testcase classname="testNGFlag.Flag4" name="ft" time="0.000"/>
  <system-out>
    <![CDATA[FTC is executing!!!]]>
  </system-out>
  <testcase classname="testNGFlag.Flag4" name="ft" time="0.000"/>
  <system-out>
    <![CDATA[FTC is executing!!!]]>
  </system-out>
  <testcase classname="testNGFlag.Flag4" name="ft" time="0.000"/>
  <system-out>
    <![CDATA[FTC is executing!!!]]>
  </system-out>
  <testcase classname="testNGFlag.Flag4" name="ft" time="0.000"/>
  <system-out>
    <![CDATA[FTC is executing!!!]]>
  </system-out>
  <testcase classname="testNGFlag.Flag4" name="ft" time="0.003"/>
  <system-out>
    <![CDATA[FTC is executing!!!]]>
  </system-out>
  <testcase classname="testNGFlag.Flag4" name="ft" time="0.000"/>
  <system-out>
    <![CDATA[FTC is executing!!!]]>
  </system-out>
  <testcase classname="testNGFlag.Flag4" name="ft" time="0.000"/>
  <system-out>
    <![CDATA[FTC is executing!!!]]>
  </system-out>
  <testcase classname="testNGFlag.Flag4" name="ft" time="0.000"/>
  <system-out>
    <![CDATA[FTC is executing!!!]]>
  </system-out>
  <testcase classname="testNGFlag.Flag4" name="ft" time="0.000"/>
  <system-out>
    <![CDATA[FTC is executing!!!]]>
  </system-out>
  <testcase classname="testNGFlag.Flag4" name="ft" time="0.000"/>
  <system-out>
    <![CDATA[FTC is executing!!!]]>
  </system-out>
  <testcase classname="testNGFlag.Flag4" name="ft" time="0.001"/>
  <system-out>
    <![CDATA[FTC is executing!!!]]>
  </system-out>
  <testcase classname="testNGFlag.Flag4" name="ft" time="0.048"/>
  <system-out>
    <![CDATA[FTC is executing!!!]]>
  </system-out>
  <testcase classname="testNGFlag.Flag4" name="ft" time="0.000"/>
  <system-out>
    <![CDATA[FTC is executing!!!]]>
  </system-out>
  <testcase classname="testNGFlag.Flag4" name="ft" time="0.000"/>
  <system-out>
    <![CDATA[FTC is executing!!!]]>
  </system-out>
  <testcase classname="testNGFlag.Flag4" name="ft" time="0.000"/>
  <system-out>
    <![CDATA[FTC is executing!!!]]>
  </system-out>
  <testcase classname="testNGFlag.Flag4" name="ft" time="0.000"/>
  <system-out>
    <![CDATA[FTC is executing!!!]]>
  </system-out>
  <testcase classname="testNGFlag.Flag4" name="ft" time="0.000"/>
  <system-out>
    <![CDATA[FTC is executing!!!]]>
  </system-out>
  <testcase classname="testNGFlag.Flag4" name="ft" time="0.000"/>
  <system-out>
    <![CDATA[FTC is executing!!!]]>
  </system-out>
  <testcase classname="testNGFlag.Flag4" name="ft" time="0.000"/>
  <system-out>
    <![CDATA[FTC is executing!!!]]>
  </system-out>
  <testcase classname="testNGFlag.Flag4" name="ft" time="0.005"/>
  <system-out>
    <![CDATA[FTC is executing!!!]]>
  </system-out>
  <testcase classname="testNGFlag.Flag4" name="ft" time="0.000"/>
  <system-out>
    <![CDATA[FTC is executing!!!]]>
  </system-out>
  <testcase classname="testNGFlag.Flag4" name="ft" time="0.126"/>
  <system-out>
    <![CDATA[FTC is executing!!!]]>
  </system-out>
  <testcase classname="testNGFlag.Flag4" name="ft" time="0.000"/>
  <system-out>
    <![CDATA[FTC is executing!!!]]>
  </system-out>
  <testcase classname="testNGFlag.Flag4" name="ft" time="0.000"/>
  <system-out>
    <![CDATA[FTC is executing!!!]]>
  </system-out>
  <testcase classname="testNGFlag.Flag4" name="ft" time="0.000"/>
  <system-out>
    <![CDATA[FTC is executing!!!]]>
  </system-out>
  <testcase classname="testNGFlag.Flag4" name="ft" time="0.001"/>
  <system-out>
    <![CDATA[FTC is executing!!!]]>
  </system-out>
  <testcase classname="testNGFlag.Flag4" name="ft" time="0.000"/>
  <system-out>
    <![CDATA[FTC is executing!!!]]>
  </system-out>
  <testcase classname="testNGFlag.Flag4" name="ft" time="0.000"/>
  <system-out>
    <![CDATA[FTC is executing!!!]]>
  </system-out>
  <testcase classname="testNGFlag.Flag4" name="ft" time="0.001"/>
  <system-out>
    <![CDATA[FTC is executing!!!]]>
  </system-out>
  <testcase classname="testNGFlag.Flag4" name="ft" time="0.001"/>
  <system-out>
    <![CDATA[FTC is executing!!!]]>
  </system-out>
  <testcase classname="testNGFlag.Flag4" name="ft" time="0.000"/>
  <system-out>
    <![CDATA[FTC is executing!!!]]>
  </system-out>
  <testcase classname="testNGFlag.Flag4" name="ft" time="0.000"/>
  <system-out>
    <![CDATA[FTC is executing!!!]]>
  </system-out>
  <testcase classname="testNGFlag.Flag4" name="ft" time="0.000"/>
  <system-out>
    <![CDATA[FTC is executing!!!]]>
  </system-out>
  <testcase classname="testNGFlag.Flag4" name="ft" time="0.000"/>
  <system-out>
    <![CDATA[FTC is executing!!!]]>
  </system-out>
  <testcase classname="testNGFlag.Flag4" name="ft" time="0.001"/>
  <system-out>
    <![CDATA[FTC is executing!!!]]>
  </system-out>
  <testcase classname="testNGFlag.Flag4" name="ft" time="0.000"/>
  <system-out>
    <![CDATA[FTC is executing!!!]]>
  </system-out>
  <testcase classname="testNGFlag.Flag4" name="ft" time="0.000"/>
  <system-out>
    <![CDATA[FTC is executing!!!]]>
  </system-out>
  <testcase classname="testNGFlag.Flag4" name="ft" time="0.000"/>
  <system-out>
    <![CDATA[FTC is executing!!!]]>
  </system-out>
  <testcase classname="testNGFlag.Flag4" name="ft" time="0.001"/>
  <system-out>
    <![CDATA[FTC is executing!!!]]>
  </system-out>
  <testcase classname="testNGFlag.Flag4" name="ft" time="0.001"/>
  <system-out>
    <![CDATA[FTC is executing!!!]]>
  </system-out>
  <testcase classname="testNGFlag.Flag4" name="ft" time="0.000"/>
  <system-out>
    <![CDATA[FTC is executing!!!]]>
  </system-out>
  <testcase classname="testNGFlag.Flag4" name="ft" time="0.000"/>
  <system-out>
    <![CDATA[FTC is executing!!!]]>
  </system-out>
  <testcase classname="testNGFlag.Flag4" name="ft" time="0.001"/>
  <system-out>
    <![CDATA[FTC is executing!!!]]>
  </system-out>
  <testcase classname="testNGFlag.Flag4" name="ft" time="0.000"/>
  <system-out>
    <![CDATA[FTC is executing!!!]]>
  </system-out>
  <testcase classname="testNGFlag.Flag4" name="ft" time="0.000"/>
  <system-out>
    <![CDATA[FTC is executing!!!]]>
  </system-out>
  <testcase classname="testNGFlag.Flag4" name="ft" time="0.000"/>
  <system-out>
    <![CDATA[FTC is executing!!!]]>
  </system-out>
  <testcase classname="testNGFlag.Flag4" name="ft" time="0.000"/>
  <system-out>
    <![CDATA[FTC is executing!!!]]>
  </system-out>
  <testcase classname="testNGFlag.Flag4" name="ft" time="0.001"/>
  <system-out>
    <![CDATA[FTC is executing!!!]]>
  </system-out>
  <testcase classname="testNGFlag.Flag4" name="ft" time="0.000"/>
  <system-out>
    <![CDATA[FTC is executing!!!]]>
  </system-out>
  <testcase classname="testNGFlag.Flag4" name="ft" time="0.000"/>
  <system-out>
    <![CDATA[FTC is executing!!!]]>
  </system-out>
  <testcase classname="testNGFlag.Flag4" name="ft" time="0.000"/>
  <system-out>
    <![CDATA[FTC is executing!!!]]>
  </system-out>
  <testcase classname="testNGFlag.Flag4" name="ft" time="0.001"/>
  <system-out>
    <![CDATA[FTC is executing!!!]]>
  </system-out>
  <testcase classname="testNGFlag.Flag4" name="ft" time="0.000"/>
  <system-out>
    <![CDATA[FTC is executing!!!]]>
  </system-out>
  <testcase classname="testNGFlag.Flag4" name="ft" time="0.000"/>
  <system-out>
    <![CDATA[FTC is executing!!!]]>
  </system-out>
  <testcase classname="testNGFlag.Flag4" name="ft" time="0.001"/>
  <system-out>
    <![CDATA[FTC is executing!!!]]>
  </system-out>
  <testcase classname="testNGFlag.Flag4" name="ft" time="0.000"/>
  <system-out>
    <![CDATA[FTC is executing!!!]]>
  </system-out>
  <testcase classname="testNGFlag.Flag4" name="ft" time="0.000"/>
  <system-out>
    <![CDATA[FTC is executing!!!]]>
  </system-out>
  <testcase classname="testNGFlag.Flag4" name="ft" time="0.000"/>
  <system-out>
    <![CDATA[FTC is executing!!!]]>
  </system-out>
  <testcase classname="testNGFlag.Flag4" name="ft" time="0.000"/>
  <system-out>
    <![CDATA[FTC is executing!!!]]>
  </system-out>
  <testcase classname="testNGFlag.Flag4" name="ft" time="0.138"/>
  <system-out>
    <![CDATA[FTC is executing!!!]]>
  </system-out>
  <testcase classname="testNGFlag.Flag4" name="ft" time="0.000"/>
  <system-out>
    <![CDATA[FTC is executing!!!]]>
  </system-out>
  <testcase classname="testNGFlag.Flag4" name="ft" time="0.000"/>
  <system-out>
    <![CDATA[FTC is executing!!!]]>
  </system-out>
  <testcase classname="testNGFlag.Flag4" name="ft" time="0.001"/>
  <system-out>
    <![CDATA[FTC is executing!!!]]>
  </system-out>
  <testcase classname="testNGFlag.Flag4" name="ft" time="0.001"/>
  <system-out>
    <![CDATA[FTC is executing!!!]]>
  </system-out>
  <testcase classname="testNGFlag.Flag4" name="ft" time="0.000"/>
  <system-out>
    <![CDATA[FTC is executing!!!]]>
  </system-out>
  <testcase classname="testNGFlag.Flag4" name="ft" time="0.000"/>
  <system-out>
    <![CDATA[FTC is executing!!!]]>
  </system-out>
  <testcase classname="testNGFlag.Flag4" name="ft" time="0.000"/>
  <system-out>
    <![CDATA[FTC is executing!!!]]>
  </system-out>
  <testcase classname="testNGFlag.Flag4" name="ft" time="0.000"/>
  <system-out>
    <![CDATA[FTC is executing!!!]]>
  </system-out>
  <testcase classname="testNGFlag.Flag4" name="ft" time="0.001"/>
  <system-out>
    <![CDATA[FTC is executing!!!]]>
  </system-out>
  <testcase classname="testNGFlag.Flag4" name="ft" time="0.002"/>
  <system-out>
    <![CDATA[FTC is executing!!!]]>
  </system-out>
  <testcase classname="testNGFlag.Flag4" name="ft" time="0.001"/>
  <system-out>
    <![CDATA[FTC is executing!!!]]>
  </system-out>
  <testcase classname="testNGFlag.Flag4" name="ft" time="0.000"/>
  <system-out>
    <![CDATA[FTC is executing!!!]]>
  </system-out>
  <testcase classname="testNGFlag.Flag4" name="ft" time="0.002"/>
  <system-out>
    <![CDATA[FTC is executing!!!]]>
  </system-out>
  <testcase classname="testNGFlag.Flag4" name="ft" time="0.001"/>
  <system-out>
    <![CDATA[FTC is executing!!!]]>
  </system-out>
  <testcase classname="testNGFlag.Flag4" name="ft" time="0.008"/>
  <system-out>
    <![CDATA[FTC is executing!!!]]>
  </system-out>
  <testcase classname="testNGFlag.Flag4" name="ft" time="0.001"/>
  <system-out>
    <![CDATA[FTC is executing!!!]]>
  </system-out>
  <testcase classname="testNGFlag.Flag4" name="ft" time="0.001"/>
  <system-out>
    <![CDATA[FTC is executing!!!]]>
  </system-out>
  <testcase classname="testNGFlag.Flag4" name="ft" time="0.000"/>
  <system-out>
    <![CDATA[FTC is executing!!!]]>
  </system-out>
  <testcase classname="testNGFlag.Flag4" name="ft" time="0.000"/>
  <system-out>
    <![CDATA[FTC is executing!!!]]>
  </system-out>
  <testcase classname="testNGFlag.Flag4" name="ft" time="0.001"/>
  <system-out>
    <![CDATA[FTC is executing!!!]]>
  </system-out>
  <testcase classname="testNGFlag.Flag4" name="ft" time="0.001"/>
  <system-out>
    <![CDATA[FTC is executing!!!]]>
  </system-out>
  <testcase classname="testNGFlag.Flag4" name="ft" time="0.000"/>
  <system-out>
    <![CDATA[FTC is executing!!!]]>
  </system-out>
  <testcase classname="testNGFlag.Flag4" name="ft" time="0.000"/>
  <system-out>
    <![CDATA[FTC is executing!!!]]>
  </system-out>
  <testcase classname="testNGFlag.Flag4" name="ft" time="0.001"/>
  <system-out>
    <![CDATA[FTC is executing!!!]]>
  </system-out>
  <testcase classname="testNGFlag.Flag4" name="ft" time="0.003"/>
  <system-out>
    <![CDATA[FTC is executing!!!]]>
  </system-out>
  <testcase classname="testNGFlag.Flag4" name="ft" time="0.006"/>
  <system-out>
    <![CDATA[FTC is executing!!!]]>
  </system-out>
  <testcase classname="testNGFlag.Flag4" name="ft" time="0.004"/>
  <system-out>
    <![CDATA[FTC is executing!!!]]>
  </system-out>
  <testcase classname="testNGFlag.Flag4" name="ft" time="0.001"/>
  <system-out>
    <![CDATA[FTC is executing!!!]]>
  </system-out>
  <testcase classname="testNGFlag.Flag4" name="ft" time="0.002"/>
  <system-out>
    <![CDATA[FTC is executing!!!]]>
  </system-out>
  <testcase classname="testNGFlag.Flag4" name="ft" time="0.001"/>
  <system-out>
    <![CDATA[FTC is executing!!!]]>
  </system-out>
  <testcase classname="testNGFlag.Flag4" name="ft" time="0.000"/>
  <system-out>
    <![CDATA[FTC is executing!!!]]>
  </system-out>
  <testcase classname="testNGFlag.Flag4" name="ft" time="0.003"/>
  <system-out>
    <![CDATA[FTC is executing!!!]]>
  </system-out>
  <testcase classname="testNGFlag.Flag4" name="ft" time="0.000"/>
  <system-out>
    <![CDATA[FTC is executing!!!]]>
  </system-out>
  <testcase classname="testNGFlag.Flag4" name="ft" time="0.000"/>
  <system-out>
    <![CDATA[FTC is executing!!!]]>
  </system-out>
  <testcase classname="testNGFlag.Flag4" name="ft" time="0.000"/>
  <system-out>
    <![CDATA[FTC is executing!!!]]>
  </system-out>
  <testcase classname="testNGFlag.Flag4" name="ft" time="0.000"/>
  <system-out>
    <![CDATA[FTC is executing!!!]]>
  </system-out>
  <testcase classname="testNGFlag.Flag4" name="ft" time="0.000"/>
  <system-out>
    <![CDATA[FTC is executing!!!]]>
  </system-out>
  <testcase classname="testNGFlag.Flag4" name="ft" time="0.000"/>
  <system-out>
    <![CDATA[FTC is executing!!!]]>
  </system-out>
  <testcase classname="testNGFlag.Flag4" name="ft" time="0.003"/>
  <system-out>
    <![CDATA[FTC is executing!!!]]>
  </system-out>
  <testcase classname="testNGFlag.Flag4" name="ft" time="0.000"/>
  <system-out>
    <![CDATA[FTC is executing!!!]]>
  </system-out>
  <testcase classname="testNGFlag.Flag4" name="ft" time="0.000"/>
  <system-out>
    <![CDATA[FTC is executing!!!]]>
  </system-out>
  <testcase classname="testNGFlag.Flag4" name="ft" time="0.000"/>
  <system-out>
    <![CDATA[FTC is executing!!!]]>
  </system-out>
  <testcase classname="testNGFlag.Flag4" name="ft" time="0.001"/>
  <system-out>
    <![CDATA[FTC is executing!!!]]>
  </system-out>
  <testcase classname="testNGFlag.Flag4" name="ft" time="0.000"/>
  <system-out>
    <![CDATA[FTC is executing!!!]]>
  </system-out>
  <testcase classname="testNGFlag.Flag4" name="ft" time="0.000"/>
  <system-out>
    <![CDATA[FTC is executing!!!]]>
  </system-out>
  <testcase classname="testNGFlag.Flag4" name="ft" time="0.000"/>
  <system-out>
    <![CDATA[FTC is executing!!!]]>
  </system-out>
  <testcase classname="testNGFlag.Flag4" name="ft" time="0.000"/>
  <system-out>
    <![CDATA[FTC is executing!!!]]>
  </system-out>
  <testcase classname="testNGFlag.Flag4" name="ft" time="0.000"/>
  <system-out>
    <![CDATA[FTC is executing!!!]]>
  </system-out>
  <testcase classname="testNGFlag.Flag4" name="ft" time="0.000"/>
  <system-out>
    <![CDATA[FTC is executing!!!]]>
  </system-out>
  <testcase classname="testNGFlag.Flag4" name="ft" time="0.000"/>
  <system-out>
    <![CDATA[FTC is executing!!!]]>
  </system-out>
  <testcase classname="testNGFlag.Flag4" name="ft" time="0.000"/>
  <system-out>
    <![CDATA[FTC is executing!!!]]>
  </system-out>
  <testcase classname="testNGFlag.Flag4" name="ft" time="0.003"/>
  <system-out>
    <![CDATA[FTC is executing!!!]]>
  </system-out>
  <testcase classname="testNGFlag.Flag4" name="ft" time="0.001"/>
  <system-out>
    <![CDATA[FTC is executing!!!]]>
  </system-out>
  <testcase classname="testNGFlag.Flag4" name="ft" time="0.000"/>
  <system-out>
    <![CDATA[FTC is executing!!!]]>
  </system-out>
  <testcase classname="testNGFlag.Flag4" name="ft" time="0.003"/>
  <system-out>
    <![CDATA[FTC is executing!!!]]>
  </system-out>
  <testcase classname="testNGFlag.Flag4" name="ft" time="0.000"/>
  <system-out>
    <![CDATA[FTC is executing!!!]]>
  </system-out>
  <testcase classname="testNGFlag.Flag4" name="ft" time="0.001"/>
  <system-out>
    <![CDATA[FTC is executing!!!]]>
  </system-out>
  <testcase classname="testNGFlag.Flag4" name="ft" time="0.000"/>
  <system-out>
    <![CDATA[FTC is executing!!!]]>
  </system-out>
  <testcase classname="testNGFlag.Flag4" name="ft" time="0.000"/>
  <system-out>
    <![CDATA[FTC is executing!!!]]>
  </system-out>
  <testcase classname="testNGFlag.Flag4" name="ft" time="0.000"/>
  <system-out>
    <![CDATA[FTC is executing!!!]]>
  </system-out>
  <testcase classname="testNGFlag.Flag4" name="ft" time="0.000"/>
  <system-out>
    <![CDATA[FTC is executing!!!]]>
  </system-out>
  <testcase classname="testNGFlag.Flag4" name="ft" time="0.000"/>
  <system-out>
    <![CDATA[FTC is executing!!!]]>
  </system-out>
  <testcase classname="testNGFlag.Flag4" name="ft" time="0.000"/>
  <system-out>
    <![CDATA[FTC is executing!!!]]>
  </system-out>
  <testcase classname="testNGFlag.Flag4" name="ft" time="0.000"/>
  <system-out>
    <![CDATA[FTC is executing!!!]]>
  </system-out>
  <testcase classname="testNGFlag.Flag4" name="ft" time="0.000"/>
  <system-out>
    <![CDATA[FTC is executing!!!]]>
  </system-out>
  <testcase classname="testNGFlag.Flag4" name="ft" time="0.000"/>
  <system-out>
    <![CDATA[FTC is executing!!!]]>
  </system-out>
  <testcase classname="testNGFlag.Flag4" name="ft" time="0.011"/>
  <system-out>
    <![CDATA[FTC is executing!!!]]>
  </system-out>
  <testcase classname="testNGFlag.Flag4" name="ft" time="0.000"/>
  <system-out>
    <![CDATA[FTC is executing!!!]]>
  </system-out>
  <testcase classname="testNGFlag.Flag4" name="ft" time="0.000"/>
  <system-out>
    <![CDATA[FTC is executing!!!]]>
  </system-out>
  <testcase classname="testNGFlag.Flag4" name="ft" time="0.000"/>
  <system-out>
    <![CDATA[FTC is executing!!!]]>
  </system-out>
  <testcase classname="testNGFlag.Flag4" name="ft" time="0.000"/>
  <system-out>
    <![CDATA[FTC is executing!!!]]>
  </system-out>
  <testcase classname="testNGFlag.Flag4" name="ft" time="0.000"/>
  <system-out>
    <![CDATA[FTC is executing!!!]]>
  </system-out>
  <testcase classname="testNGFlag.Flag4" name="ft" time="0.002"/>
  <system-out>
    <![CDATA[FTC is executing!!!]]>
  </system-out>
  <testcase classname="testNGFlag.Flag4" name="ft" time="0.000"/>
  <system-out>
    <![CDATA[FTC is executing!!!]]>
  </system-out>
  <testcase classname="testNGFlag.Flag4" name="ft" time="0.001"/>
  <system-out>
    <![CDATA[FTC is executing!!!]]>
  </system-out>
  <testcase classname="testNGFlag.Flag4" name="ft" time="0.000"/>
  <system-out>
    <![CDATA[FTC is executing!!!]]>
  </system-out>
  <testcase classname="testNGFlag.Flag4" name="ft" time="0.000"/>
  <system-out>
    <![CDATA[FTC is executing!!!]]>
  </system-out>
  <testcase classname="testNGFlag.Flag4" name="ft" time="0.003"/>
  <system-out>
    <![CDATA[FTC is executing!!!]]>
  </system-out>
  <testcase classname="testNGFlag.Flag4" name="ft" time="0.001"/>
  <system-out>
    <![CDATA[FTC is executing!!!]]>
  </system-out>
  <testcase classname="testNGFlag.Flag4" name="ft" time="0.000"/>
  <system-out>
    <![CDATA[FTC is executing!!!]]>
  </system-out>
  <testcase classname="testNGFlag.Flag4" name="ft" time="0.001"/>
  <system-out>
    <![CDATA[FTC is executing!!!]]>
  </system-out>
  <testcase classname="testNGFlag.Flag4" name="ft" time="0.000"/>
  <system-out>
    <![CDATA[FTC is executing!!!]]>
  </system-out>
  <testcase classname="testNGFlag.Flag4" name="ft" time="0.002"/>
  <system-out>
    <![CDATA[FTC is executing!!!]]>
  </system-out>
  <testcase classname="testNGFlag.Flag4" name="ft" time="0.000"/>
  <system-out>
    <![CDATA[FTC is executing!!!]]>
  </system-out>
  <testcase classname="testNGFlag.Flag4" name="ft" time="0.000"/>
  <system-out>
    <![CDATA[FTC is executing!!!]]>
  </system-out>
  <testcase classname="testNGFlag.Flag4" name="ft" time="0.003"/>
  <system-out>
    <![CDATA[FTC is executing!!!]]>
  </system-out>
  <testcase classname="testNGFlag.Flag4" name="ft" time="0.001"/>
  <system-out>
    <![CDATA[FTC is executing!!!]]>
  </system-out>
  <testcase classname="testNGFlag.Flag4" name="ft" time="0.001"/>
  <system-out>
    <![CDATA[FTC is executing!!!]]>
  </system-out>
  <testcase classname="testNGFlag.Flag4" name="ft" time="0.000"/>
  <system-out>
    <![CDATA[FTC is executing!!!]]>
  </system-out>
  <testcase classname="testNGFlag.Flag4" name="ft" time="0.000"/>
  <system-out>
    <![CDATA[FTC is executing!!!]]>
  </system-out>
  <testcase classname="testNGFlag.Flag4" name="ft" time="0.000"/>
  <system-out>
    <![CDATA[FTC is executing!!!]]>
  </system-out>
  <testcase classname="testNGFlag.Flag4" name="ft" time="0.000"/>
  <system-out>
    <![CDATA[FTC is executing!!!]]>
  </system-out>
  <testcase classname="testNGFlag.Flag4" name="ft" time="0.260"/>
  <system-out>
    <![CDATA[FTC is executing!!!]]>
  </system-out>
  <testcase classname="testNGFlag.Flag4" name="ft" time="0.000"/>
  <system-out>
    <![CDATA[FTC is executing!!!]]>
  </system-out>
  <testcase classname="testNGFlag.Flag4" name="ft" time="0.000"/>
  <system-out>
    <![CDATA[FTC is executing!!!]]>
  </system-out>
  <testcase classname="testNGFlag.Flag4" name="ft" time="0.000"/>
  <system-out>
    <![CDATA[FTC is executing!!!]]>
  </system-out>
  <testcase classname="testNGFlag.Flag4" name="ft" time="0.000"/>
  <system-out>
    <![CDATA[FTC is executing!!!]]>
  </system-out>
  <testcase classname="testNGFlag.Flag4" name="ft" time="0.000"/>
  <system-out>
    <![CDATA[FTC is executing!!!]]>
  </system-out>
  <testcase classname="testNGFlag.Flag4" name="ft" time="0.001"/>
  <system-out>
    <![CDATA[FTC is executing!!!]]>
  </system-out>
  <testcase classname="testNGFlag.Flag4" name="ft" time="0.000"/>
  <system-out>
    <![CDATA[FTC is executing!!!]]>
  </system-out>
  <testcase classname="testNGFlag.Flag4" name="ft" time="0.001"/>
  <system-out>
    <![CDATA[FTC is executing!!!]]>
  </system-out>
  <testcase classname="testNGFlag.Flag4" name="ft" time="0.000"/>
  <system-out>
    <![CDATA[FTC is executing!!!]]>
  </system-out>
  <testcase classname="testNGFlag.Flag4" name="ft" time="0.001"/>
  <system-out>
    <![CDATA[FTC is executing!!!]]>
  </system-out>
  <testcase classname="testNGFlag.Flag4" name="ft" time="0.000"/>
  <system-out>
    <![CDATA[FTC is executing!!!]]>
  </system-out>
  <testcase classname="testNGFlag.Flag4" name="ft" time="0.000"/>
  <system-out>
    <![CDATA[FTC is executing!!!]]>
  </system-out>
  <testcase classname="testNGFlag.Flag4" name="ft" time="0.000"/>
  <system-out>
    <![CDATA[FTC is executing!!!]]>
  </system-out>
  <testcase classname="testNGFlag.Flag4" name="ft" time="0.000"/>
  <system-out>
    <![CDATA[FTC is executing!!!]]>
  </system-out>
  <testcase classname="testNGFlag.Flag4" name="ft" time="0.001"/>
  <system-out>
    <![CDATA[FTC is executing!!!]]>
  </system-out>
  <testcase classname="testNGFlag.Flag4" name="ft" time="0.000"/>
  <system-out>
    <![CDATA[FTC is executing!!!]]>
  </system-out>
  <testcase classname="testNGFlag.Flag4" name="ft" time="0.000"/>
  <system-out>
    <![CDATA[FTC is executing!!!]]>
  </system-out>
  <testcase classname="testNGFlag.Flag4" name="ft" time="0.001"/>
  <system-out>
    <![CDATA[FTC is executing!!!]]>
  </system-out>
  <testcase classname="testNGFlag.Flag4" name="ft" time="0.000"/>
  <system-out>
    <![CDATA[FTC is executing!!!]]>
  </system-out>
  <testcase classname="testNGFlag.Flag4" name="ft" time="0.000"/>
  <system-out>
    <![CDATA[FTC is executing!!!]]>
  </system-out>
  <testcase classname="testNGFlag.Flag4" name="ft" time="0.001"/>
  <system-out>
    <![CDATA[FTC is executing!!!]]>
  </system-out>
  <testcase classname="testNGFlag.Flag4" name="ft" time="0.001"/>
  <system-out>
    <![CDATA[FTC is executing!!!]]>
  </system-out>
  <testcase classname="testNGFlag.Flag4" name="ft" time="0.000"/>
  <system-out>
    <![CDATA[FTC is executing!!!]]>
  </system-out>
  <testcase classname="testNGFlag.Flag4" name="ft" time="0.001"/>
  <system-out>
    <![CDATA[FTC is executing!!!]]>
  </system-out>
  <testcase classname="testNGFlag.Flag4" name="ft" time="0.000"/>
  <system-out>
    <![CDATA[FTC is executing!!!]]>
  </system-out>
  <testcase classname="testNGFlag.Flag4" name="ft" time="0.000"/>
  <system-out>
    <![CDATA[FTC is executing!!!]]>
  </system-out>
  <testcase classname="testNGFlag.Flag4" name="ft" time="0.001"/>
  <system-out>
    <![CDATA[FTC is executing!!!]]>
  </system-out>
  <testcase classname="testNGFlag.Flag4" name="ft" time="0.000"/>
  <system-out>
    <![CDATA[FTC is executing!!!]]>
  </system-out>
  <testcase classname="testNGFlag.Flag4" name="ft" time="0.001"/>
  <system-out>
    <![CDATA[FTC is executing!!!]]>
  </system-out>
  <testcase classname="testNGFlag.Flag4" name="ft" time="0.000"/>
  <system-out>
    <![CDATA[FTC is executing!!!]]>
  </system-out>
  <testcase classname="testNGFlag.Flag4" name="ft" time="0.000"/>
  <system-out>
    <![CDATA[FTC is executing!!!]]>
  </system-out>
  <testcase classname="testNGFlag.Flag4" name="ft" time="0.000"/>
  <system-out>
    <![CDATA[FTC is executing!!!]]>
  </system-out>
  <testcase classname="testNGFlag.Flag4" name="ft" time="0.000"/>
  <system-out>
    <![CDATA[FTC is executing!!!]]>
  </system-out>
  <testcase classname="testNGFlag.Flag4" name="ft" time="0.000"/>
  <system-out>
    <![CDATA[FTC is executing!!!]]>
  </system-out>
  <testcase classname="testNGFlag.Flag4" name="ft" time="0.056"/>
  <system-out>
    <![CDATA[FTC is executing!!!]]>
  </system-out>
  <testcase classname="testNGFlag.Flag4" name="ft" time="0.001"/>
  <system-out>
    <![CDATA[FTC is executing!!!]]>
  </system-out>
  <testcase classname="testNGFlag.Flag4" name="ft" time="0.007"/>
  <system-out>
    <![CDATA[FTC is executing!!!]]>
  </system-out>
  <testcase classname="testNGFlag.Flag4" name="ft" time="0.000"/>
  <system-out>
    <![CDATA[FTC is executing!!!]]>
  </system-out>
  <testcase classname="testNGFlag.Flag4" name="ft" time="0.001"/>
  <system-out>
    <![CDATA[FTC is executing!!!]]>
  </system-out>
  <testcase classname="testNGFlag.Flag4" name="ft" time="0.000"/>
  <system-out>
    <![CDATA[FTC is executing!!!]]>
  </system-out>
  <testcase classname="testNGFlag.Flag4" name="ft" time="0.000"/>
  <system-out>
    <![CDATA[FTC is executing!!!]]>
  </system-out>
  <testcase classname="testNGFlag.Flag4" name="ft" time="0.000"/>
  <system-out>
    <![CDATA[FTC is executing!!!]]>
  </system-out>
  <testcase classname="testNGFlag.Flag4" name="ft" time="0.000"/>
  <system-out>
    <![CDATA[FTC is executing!!!]]>
  </system-out>
  <testcase classname="testNGFlag.Flag4" name="ft" time="0.000"/>
  <system-out>
    <![CDATA[FTC is executing!!!]]>
  </system-out>
  <testcase classname="testNGFlag.Flag4" name="ft" time="0.001"/>
  <system-out>
    <![CDATA[FTC is executing!!!]]>
  </system-out>
  <testcase classname="testNGFlag.Flag4" name="ft" time="0.000"/>
  <system-out>
    <![CDATA[FTC is executing!!!]]>
  </system-out>
  <testcase classname="testNGFlag.Flag4" name="ft" time="0.000"/>
  <system-out>
    <![CDATA[FTC is executing!!!]]>
  </system-out>
  <testcase classname="testNGFlag.Flag4" name="ft" time="0.000"/>
  <system-out>
    <![CDATA[FTC is executing!!!]]>
  </system-out>
  <testcase classname="testNGFlag.Flag4" name="ft" time="0.001"/>
  <system-out>
    <![CDATA[FTC is executing!!!]]>
  </system-out>
  <testcase classname="testNGFlag.Flag4" name="ft" time="0.000"/>
  <system-out>
    <![CDATA[FTC is executing!!!]]>
  </system-out>
  <testcase classname="testNGFlag.Flag4" name="ft" time="0.001"/>
  <system-out>
    <![CDATA[FTC is executing!!!]]>
  </system-out>
  <testcase classname="testNGFlag.Flag4" name="ft" time="0.000"/>
  <system-out>
    <![CDATA[FTC is executing!!!]]>
  </system-out>
  <testcase classname="testNGFlag.Flag4" name="ft" time="0.000"/>
  <system-out>
    <![CDATA[FTC is executing!!!]]>
  </system-out>
  <testcase classname="testNGFlag.Flag4" name="ft" time="0.001"/>
  <system-out>
    <![CDATA[FTC is executing!!!]]>
  </system-out>
  <testcase classname="testNGFlag.Flag4" name="ft" time="0.000"/>
  <system-out>
    <![CDATA[FTC is executing!!!]]>
  </system-out>
  <testcase classname="testNGFlag.Flag4" name="ft" time="0.000"/>
  <system-out>
    <![CDATA[FTC is executing!!!]]>
  </system-out>
  <testcase classname="testNGFlag.Flag4" name="ft" time="0.001"/>
  <system-out>
    <![CDATA[FTC is executing!!!]]>
  </system-out>
  <testcase classname="testNGFlag.Flag4" name="ft" time="0.000"/>
  <system-out>
    <![CDATA[FTC is executing!!!]]>
  </system-out>
  <testcase classname="testNGFlag.Flag4" name="ft" time="0.000"/>
  <system-out>
    <![CDATA[FTC is executing!!!]]>
  </system-out>
  <testcase classname="testNGFlag.Flag4" name="ft" time="0.000"/>
  <system-out>
    <![CDATA[FTC is executing!!!]]>
  </system-out>
  <testcase classname="testNGFlag.Flag4" name="ft" time="0.000"/>
  <system-out>
    <![CDATA[FTC is executing!!!]]>
  </system-out>
  <testcase classname="testNGFlag.Flag4" name="ft" time="0.000"/>
  <system-out>
    <![CDATA[FTC is executing!!!]]>
  </system-out>
  <testcase classname="testNGFlag.Flag4" name="ft" time="0.000"/>
  <system-out>
    <![CDATA[FTC is executing!!!]]>
  </system-out>
  <testcase classname="testNGFlag.Flag4" name="ft" time="0.000"/>
  <system-out>
    <![CDATA[FTC is executing!!!]]>
  </system-out>
  <testcase classname="testNGFlag.Flag4" name="ft" time="0.001"/>
  <system-out>
    <![CDATA[FTC is executing!!!]]>
  </system-out>
  <testcase classname="testNGFlag.Flag4" name="ft" time="0.001"/>
  <system-out>
    <![CDATA[FTC is executing!!!]]>
  </system-out>
  <testcase classname="testNGFlag.Flag4" name="ft" time="0.000"/>
  <system-out>
    <![CDATA[FTC is executing!!!]]>
  </system-out>
  <testcase classname="testNGFlag.Flag4" name="ft" time="0.000"/>
  <system-out>
    <![CDATA[FTC is executing!!!]]>
  </system-out>
  <testcase classname="testNGFlag.Flag4" name="ft" time="0.000"/>
  <system-out>
    <![CDATA[FTC is executing!!!]]>
  </system-out>
  <testcase classname="testNGFlag.Flag4" name="ft" time="0.001"/>
  <system-out>
    <![CDATA[FTC is executing!!!]]>
  </system-out>
  <testcase classname="testNGFlag.Flag4" name="ft" time="0.000"/>
  <system-out>
    <![CDATA[FTC is executing!!!]]>
  </system-out>
  <testcase classname="testNGFlag.Flag4" name="ft" time="0.000"/>
  <system-out>
    <![CDATA[FTC is executing!!!]]>
  </system-out>
  <testcase classname="testNGFlag.Flag4" name="ft" time="0.000"/>
  <system-out>
    <![CDATA[FTC is executing!!!]]>
  </system-out>
  <testcase classname="testNGFlag.Flag4" name="ft" time="0.001"/>
  <system-out>
    <![CDATA[FTC is executing!!!]]>
  </system-out>
  <testcase classname="testNGFlag.Flag4" name="ft" time="0.000"/>
  <system-out>
    <![CDATA[FTC is executing!!!]]>
  </system-out>
  <testcase classname="testNGFlag.Flag4" name="ft" time="0.001"/>
  <system-out>
    <![CDATA[FTC is executing!!!]]>
  </system-out>
  <testcase classname="testNGFlag.Flag4" name="ft" time="0.000"/>
  <system-out>
    <![CDATA[FTC is executing!!!]]>
  </system-out>
  <testcase classname="testNGFlag.Flag4" name="ft" time="0.004"/>
  <system-out>
    <![CDATA[FTC is executing!!!]]>
  </system-out>
  <testcase classname="testNGFlag.Flag4" name="ft" time="0.001"/>
  <system-out>
    <![CDATA[FTC is executing!!!]]>
  </system-out>
  <testcase classname="testNGFlag.Flag4" name="ft" time="0.000"/>
  <system-out>
    <![CDATA[FTC is executing!!!]]>
  </system-out>
  <testcase classname="testNGFlag.Flag4" name="ft" time="0.000"/>
  <system-out>
    <![CDATA[FTC is executing!!!]]>
  </system-out>
  <testcase classname="testNGFlag.Flag4" name="ft" time="0.000"/>
  <system-out>
    <![CDATA[FTC is executing!!!]]>
  </system-out>
  <testcase classname="testNGFlag.Flag4" name="ft" time="0.002"/>
  <system-out>
    <![CDATA[FTC is executing!!!]]>
  </system-out>
  <testcase classname="testNGFlag.Flag4" name="ft" time="0.000"/>
  <system-out>
    <![CDATA[FTC is executing!!!]]>
  </system-out>
  <testcase classname="testNGFlag.Flag4" name="ft" time="0.002"/>
  <system-out>
    <![CDATA[FTC is executing!!!]]>
  </system-out>
  <testcase classname="testNGFlag.Flag4" name="ft" time="0.000"/>
  <system-out>
    <![CDATA[FTC is executing!!!]]>
  </system-out>
  <testcase classname="testNGFlag.Flag4" name="ft" time="0.000"/>
  <system-out>
    <![CDATA[FTC is executing!!!]]>
  </system-out>
  <testcase classname="testNGFlag.Flag4" name="ft" time="0.001"/>
  <system-out>
    <![CDATA[FTC is executing!!!]]>
  </system-out>
  <testcase classname="testNGFlag.Flag4" name="ft" time="0.000"/>
  <system-out>
    <![CDATA[FTC is executing!!!]]>
  </system-out>
  <testcase classname="testNGFlag.Flag4" name="ft" time="0.000"/>
  <system-out>
    <![CDATA[FTC is executing!!!]]>
  </system-out>
  <testcase classname="testNGFlag.Flag4" name="ft" time="0.000"/>
  <system-out>
    <![CDATA[FTC is executing!!!]]>
  </system-out>
  <testcase classname="testNGFlag.Flag4" name="ft" time="0.001"/>
  <system-out>
    <![CDATA[FTC is executing!!!]]>
  </system-out>
  <testcase classname="testNGFlag.Flag4" name="ft" time="0.001"/>
  <system-out>
    <![CDATA[FTC is executing!!!]]>
  </system-out>
  <testcase classname="testNGFlag.Flag4" name="ft" time="0.000"/>
  <system-out>
    <![CDATA[FTC is executing!!!]]>
  </system-out>
  <testcase classname="testNGFlag.Flag4" name="ft" time="0.001"/>
  <system-out>
    <![CDATA[FTC is executing!!!]]>
  </system-out>
  <testcase classname="testNGFlag.Flag4" name="ft" time="0.000"/>
  <system-out>
    <![CDATA[FTC is executing!!!]]>
  </system-out>
  <testcase classname="testNGFlag.Flag4" name="ft" time="0.000"/>
  <system-out>
    <![CDATA[FTC is executing!!!]]>
  </system-out>
  <testcase classname="testNGFlag.Flag4" name="ft" time="0.001"/>
  <system-out>
    <![CDATA[FTC is executing!!!]]>
  </system-out>
  <testcase classname="testNGFlag.Flag4" name="ft" time="0.000"/>
  <system-out>
    <![CDATA[FTC is executing!!!]]>
  </system-out>
  <testcase classname="testNGFlag.Flag4" name="ft" time="0.000"/>
  <system-out>
    <![CDATA[FTC is executing!!!]]>
  </system-out>
  <testcase classname="testNGFlag.Flag4" name="ft" time="0.000"/>
  <system-out>
    <![CDATA[FTC is executing!!!]]>
  </system-out>
  <testcase classname="testNGFlag.Flag4" name="ft" time="0.000"/>
  <system-out>
    <![CDATA[FTC is executing!!!]]>
  </system-out>
  <testcase classname="testNGFlag.Flag4" name="ft" time="0.000"/>
  <system-out>
    <![CDATA[FTC is executing!!!]]>
  </system-out>
  <testcase classname="testNGFlag.Flag4" name="ft" time="0.000"/>
  <system-out>
    <![CDATA[FTC is executing!!!]]>
  </system-out>
  <testcase classname="testNGFlag.Flag4" name="ft" time="0.001"/>
  <system-out>
    <![CDATA[FTC is executing!!!]]>
  </system-out>
  <testcase classname="testNGFlag.Flag4" name="ft" time="0.000"/>
  <system-out>
    <![CDATA[FTC is executing!!!]]>
  </system-out>
  <testcase classname="testNGFlag.Flag4" name="ft" time="0.000"/>
  <system-out>
    <![CDATA[FTC is executing!!!]]>
  </system-out>
  <testcase classname="testNGFlag.Flag4" name="ft" time="0.001"/>
  <system-out>
    <![CDATA[FTC is executing!!!]]>
  </system-out>
  <testcase classname="testNGFlag.Flag4" name="ft" time="0.001"/>
  <system-out>
    <![CDATA[FTC is executing!!!]]>
  </system-out>
  <testcase classname="testNGFlag.Flag4" name="ft" time="0.000"/>
  <system-out>
    <![CDATA[FTC is executing!!!]]>
  </system-out>
  <testcase classname="testNGFlag.Flag4" name="ft" time="0.000"/>
  <system-out>
    <![CDATA[FTC is executing!!!]]>
  </system-out>
  <testcase classname="testNGFlag.Flag4" name="ft" time="0.000"/>
  <system-out>
    <![CDATA[FTC is executing!!!]]>
  </system-out>
  <testcase classname="testNGFlag.Flag4" name="ft" time="0.000"/>
  <system-out>
    <![CDATA[FTC is executing!!!]]>
  </system-out>
  <testcase classname="testNGFlag.Flag4" name="ft" time="0.000"/>
  <system-out>
    <![CDATA[FTC is executing!!!]]>
  </system-out>
  <testcase classname="testNGFlag.Flag4" name="ft" time="0.122"/>
  <system-out>
    <![CDATA[FTC is executing!!!]]>
  </system-out>
  <testcase classname="testNGFlag.Flag4" name="ft" time="0.000"/>
  <system-out>
    <![CDATA[FTC is executing!!!]]>
  </system-out>
  <testcase classname="testNGFlag.Flag4" name="ft" time="0.000"/>
  <system-out>
    <![CDATA[FTC is executing!!!]]>
  </system-out>
  <testcase classname="testNGFlag.Flag4" name="ft" time="0.000"/>
  <system-out>
    <![CDATA[FTC is executing!!!]]>
  </system-out>
  <testcase classname="testNGFlag.Flag4" name="ft" time="0.001"/>
  <system-out>
    <![CDATA[FTC is executing!!!]]>
  </system-out>
  <testcase classname="testNGFlag.Flag4" name="ft" time="0.000"/>
  <system-out>
    <![CDATA[FTC is executing!!!]]>
  </system-out>
  <testcase classname="testNGFlag.Flag4" name="ft" time="0.000"/>
  <system-out>
    <![CDATA[FTC is executing!!!]]>
  </system-out>
  <testcase classname="testNGFlag.Flag4" name="ft" time="0.001"/>
  <system-out>
    <![CDATA[FTC is executing!!!]]>
  </system-out>
  <testcase classname="testNGFlag.Flag4" name="ft" time="0.000"/>
  <system-out>
    <![CDATA[FTC is executing!!!]]>
  </system-out>
  <testcase classname="testNGFlag.Flag4" name="ft" time="0.000"/>
  <system-out>
    <![CDATA[FTC is executing!!!]]>
  </system-out>
  <testcase classname="testNGFlag.Flag4" name="ft" time="0.000"/>
  <system-out>
    <![CDATA[FTC is executing!!!]]>
  </system-out>
  <testcase classname="testNGFlag.Flag4" name="ft" time="0.001"/>
  <system-out>
    <![CDATA[FTC is executing!!!]]>
  </system-out>
  <testcase classname="testNGFlag.Flag4" name="ft" time="0.001"/>
  <system-out>
    <![CDATA[FTC is executing!!!]]>
  </system-out>
  <testcase classname="testNGFlag.Flag4" name="ft" time="0.001"/>
  <system-out>
    <![CDATA[FTC is executing!!!]]>
  </system-out>
  <testcase classname="testNGFlag.Flag4" name="ft" time="0.000"/>
  <system-out>
    <![CDATA[FTC is executing!!!]]>
  </system-out>
  <testcase classname="testNGFlag.Flag4" name="ft" time="0.001"/>
  <system-out>
    <![CDATA[FTC is executing!!!]]>
  </system-out>
  <testcase classname="testNGFlag.Flag4" name="ft" time="0.000"/>
  <system-out>
    <![CDATA[FTC is executing!!!]]>
  </system-out>
  <testcase classname="testNGFlag.Flag4" name="ft" time="0.000"/>
  <system-out>
    <![CDATA[FTC is executing!!!]]>
  </system-out>
  <testcase classname="testNGFlag.Flag4" name="ft" time="0.000"/>
  <system-out>
    <![CDATA[FTC is executing!!!]]>
  </system-out>
  <testcase classname="testNGFlag.Flag4" name="ft" time="0.000"/>
  <system-out>
    <![CDATA[FTC is executing!!!]]>
  </system-out>
  <testcase classname="testNGFlag.Flag4" name="ft" time="0.000"/>
  <system-out>
    <![CDATA[FTC is executing!!!]]>
  </system-out>
  <testcase classname="testNGFlag.Flag4" name="ft" time="0.000"/>
  <system-out>
    <![CDATA[FTC is executing!!!]]>
  </system-out>
  <testcase classname="testNGFlag.Flag4" name="ft" time="0.000"/>
  <system-out>
    <![CDATA[FTC is executing!!!]]>
  </system-out>
  <testcase classname="testNGFlag.Flag4" name="ft" time="0.000"/>
  <system-out>
    <![CDATA[FTC is executing!!!]]>
  </system-out>
  <testcase classname="testNGFlag.Flag4" name="ft" time="0.000"/>
  <system-out>
    <![CDATA[FTC is executing!!!]]>
  </system-out>
  <testcase classname="testNGFlag.Flag4" name="ft" time="0.001"/>
  <system-out>
    <![CDATA[FTC is executing!!!]]>
  </system-out>
  <testcase classname="testNGFlag.Flag4" name="ft" time="0.000"/>
  <system-out>
    <![CDATA[FTC is executing!!!]]>
  </system-out>
  <testcase classname="testNGFlag.Flag4" name="ft" time="0.001"/>
  <system-out>
    <![CDATA[FTC is executing!!!]]>
  </system-out>
  <testcase classname="testNGFlag.Flag4" name="ft" time="0.000"/>
  <system-out>
    <![CDATA[FTC is executing!!!]]>
  </system-out>
  <testcase classname="testNGFlag.Flag4" name="ft" time="0.000"/>
  <system-out>
    <![CDATA[FTC is executing!!!]]>
  </system-out>
  <testcase classname="testNGFlag.Flag4" name="ft" time="0.001"/>
  <system-out>
    <![CDATA[FTC is executing!!!]]>
  </system-out>
  <testcase classname="testNGFlag.Flag4" name="ft" time="0.000"/>
  <system-out>
    <![CDATA[FTC is executing!!!]]>
  </system-out>
  <testcase classname="testNGFlag.Flag4" name="ft" time="0.001"/>
  <system-out>
    <![CDATA[FTC is executing!!!]]>
  </system-out>
  <testcase classname="testNGFlag.Flag4" name="ft" time="0.000"/>
  <system-out>
    <![CDATA[FTC is executing!!!]]>
  </system-out>
  <testcase classname="testNGFlag.Flag4" name="ft" time="0.001"/>
  <system-out>
    <![CDATA[FTC is executing!!!]]>
  </system-out>
  <testcase classname="testNGFlag.Flag4" name="ft" time="0.084"/>
  <system-out>
    <![CDATA[FTC is executing!!!]]>
  </system-out>
  <testcase classname="testNGFlag.Flag4" name="ft" time="0.000"/>
  <system-out>
    <![CDATA[FTC is executing!!!]]>
  </system-out>
  <testcase classname="testNGFlag.Flag4" name="ft" time="0.000"/>
  <system-out>
    <![CDATA[FTC is executing!!!]]>
  </system-out>
  <testcase classname="testNGFlag.Flag4" name="ft" time="0.000"/>
  <system-out>
    <![CDATA[FTC is executing!!!]]>
  </system-out>
  <testcase classname="testNGFlag.Flag4" name="ft" time="0.000"/>
  <system-out>
    <![CDATA[FTC is executing!!!]]>
  </system-out>
  <testcase classname="testNGFlag.Flag4" name="ft" time="0.001"/>
  <system-out>
    <![CDATA[FTC is executing!!!]]>
  </system-out>
  <testcase classname="testNGFlag.Flag4" name="ft" time="0.000"/>
  <system-out>
    <![CDATA[FTC is executing!!!]]>
  </system-out>
  <testcase classname="testNGFlag.Flag4" name="ft" time="0.000"/>
  <system-out>
    <![CDATA[FTC is executing!!!]]>
  </system-out>
  <testcase classname="testNGFlag.Flag4" name="ft" time="0.000"/>
  <system-out>
    <![CDATA[FTC is executing!!!]]>
  </system-out>
  <testcase classname="testNGFlag.Flag4" name="ft" time="0.001"/>
  <system-out>
    <![CDATA[FTC is executing!!!]]>
  </system-out>
  <testcase classname="testNGFlag.Flag4" name="ft" time="0.000"/>
  <system-out>
    <![CDATA[FTC is executing!!!]]>
  </system-out>
  <testcase classname="testNGFlag.Flag4" name="ft" time="0.000"/>
  <system-out>
    <![CDATA[FTC is executing!!!]]>
  </system-out>
  <testcase classname="testNGFlag.Flag4" name="ft" time="0.000"/>
  <system-out>
    <![CDATA[FTC is executing!!!]]>
  </system-out>
  <testcase classname="testNGFlag.Flag4" name="ft" time="0.000"/>
  <system-out>
    <![CDATA[FTC is executing!!!]]>
  </system-out>
  <testcase classname="testNGFlag.Flag4" name="ft" time="0.000"/>
  <system-out>
    <![CDATA[FTC is executing!!!]]>
  </system-out>
  <testcase classname="testNGFlag.Flag4" name="ft" time="0.000"/>
  <system-out>
    <![CDATA[FTC is executing!!!]]>
  </system-out>
  <testcase classname="testNGFlag.Flag4" name="ft" time="0.000"/>
  <system-out>
    <![CDATA[FTC is executing!!!]]>
  </system-out>
  <testcase classname="testNGFlag.Flag4" name="ft" time="0.000"/>
  <system-out>
    <![CDATA[FTC is executing!!!]]>
  </system-out>
  <testcase classname="testNGFlag.Flag4" name="ft" time="0.000"/>
  <system-out>
    <![CDATA[FTC is executing!!!]]>
  </system-out>
  <testcase classname="testNGFlag.Flag4" name="ft" time="0.000"/>
  <system-out>
    <![CDATA[FTC is executing!!!]]>
  </system-out>
  <testcase classname="testNGFlag.Flag4" name="ft" time="0.000"/>
  <system-out>
    <![CDATA[FTC is executing!!!]]>
  </system-out>
  <testcase classname="testNGFlag.Flag4" name="ft" time="0.000"/>
  <system-out>
    <![CDATA[FTC is executing!!!]]>
  </system-out>
  <testcase classname="testNGFlag.Flag4" name="ft" time="0.000"/>
  <system-out>
    <![CDATA[FTC is executing!!!]]>
  </system-out>
  <testcase classname="testNGFlag.Flag4" name="ft" time="0.000"/>
  <system-out>
    <![CDATA[FTC is executing!!!]]>
  </system-out>
  <testcase classname="testNGFlag.Flag4" name="ft" time="0.001"/>
  <system-out>
    <![CDATA[FTC is executing!!!]]>
  </system-out>
  <testcase classname="testNGFlag.Flag4" name="ft" time="0.000"/>
  <system-out>
    <![CDATA[FTC is executing!!!]]>
  </system-out>
  <testcase classname="testNGFlag.Flag4" name="ft" time="0.000"/>
  <system-out>
    <![CDATA[FTC is executing!!!]]>
  </system-out>
  <testcase classname="testNGFlag.Flag4" name="ft" time="0.001"/>
  <system-out>
    <![CDATA[FTC is executing!!!]]>
  </system-out>
  <testcase classname="testNGFlag.Flag4" name="ft" time="0.000"/>
  <system-out>
    <![CDATA[FTC is executing!!!]]>
  </system-out>
  <testcase classname="testNGFlag.Flag4" name="ft" time="0.000"/>
  <system-out>
    <![CDATA[FTC is executing!!!]]>
  </system-out>
  <testcase classname="testNGFlag.Flag4" name="ft" time="0.000"/>
  <system-out>
    <![CDATA[FTC is executing!!!]]>
  </system-out>
  <testcase classname="testNGFlag.Flag4" name="ft" time="0.000"/>
  <system-out>
    <![CDATA[FTC is executing!!!]]>
  </system-out>
  <testcase classname="testNGFlag.Flag4" name="ft" time="0.000"/>
  <system-out>
    <![CDATA[FTC is executing!!!]]>
  </system-out>
  <testcase classname="testNGFlag.Flag4" name="ft" time="0.000"/>
  <system-out>
    <![CDATA[FTC is executing!!!]]>
  </system-out>
  <testcase classname="testNGFlag.Flag4" name="ft" time="0.000"/>
  <system-out>
    <![CDATA[FTC is executing!!!]]>
  </system-out>
  <testcase classname="testNGFlag.Flag4" name="ft" time="0.000"/>
  <system-out>
    <![CDATA[FTC is executing!!!]]>
  </system-out>
  <testcase classname="testNGFlag.Flag4" name="ft" time="0.002"/>
  <system-out>
    <![CDATA[FTC is executing!!!]]>
  </system-out>
  <testcase classname="testNGFlag.Flag4" name="ft" time="0.000"/>
  <system-out>
    <![CDATA[FTC is executing!!!]]>
  </system-out>
  <testcase classname="testNGFlag.Flag4" name="ft" time="0.000"/>
  <system-out>
    <![CDATA[FTC is executing!!!]]>
  </system-out>
  <testcase classname="testNGFlag.Flag4" name="ft" time="0.000"/>
  <system-out>
    <![CDATA[FTC is executing!!!]]>
  </system-out>
  <testcase classname="testNGFlag.Flag4" name="ft" time="0.000"/>
  <system-out>
    <![CDATA[FTC is executing!!!]]>
  </system-out>
  <testcase classname="testNGFlag.Flag4" name="ft" time="0.000"/>
  <system-out>
    <![CDATA[FTC is executing!!!]]>
  </system-out>
  <testcase classname="testNGFlag.Flag4" name="ft" time="0.002"/>
  <system-out>
    <![CDATA[FTC is executing!!!]]>
  </system-out>
  <testcase classname="testNGFlag.Flag4" name="ft" time="0.001"/>
  <system-out>
    <![CDATA[FTC is executing!!!]]>
  </system-out>
  <testcase classname="testNGFlag.Flag4" name="ft" time="0.000"/>
  <system-out>
    <![CDATA[FTC is executing!!!]]>
  </system-out>
  <testcase classname="testNGFlag.Flag4" name="ft" time="0.001"/>
  <system-out>
    <![CDATA[FTC is executing!!!]]>
  </system-out>
  <testcase classname="testNGFlag.Flag4" name="ft" time="0.005"/>
  <system-out>
    <![CDATA[FTC is executing!!!]]>
  </system-out>
  <testcase classname="testNGFlag.Flag4" name="ft" time="0.000"/>
  <system-out>
    <![CDATA[FTC is executing!!!]]>
  </system-out>
  <testcase classname="testNGFlag.Flag4" name="ft" time="0.001"/>
  <system-out>
    <![CDATA[FTC is executing!!!]]>
  </system-out>
  <testcase classname="testNGFlag.Flag4" name="ft" time="0.000"/>
  <system-out>
    <![CDATA[FTC is executing!!!]]>
  </system-out>
  <testcase classname="testNGFlag.Flag4" name="ft" time="0.001"/>
  <system-out>
    <![CDATA[FTC is executing!!!]]>
  </system-out>
  <testcase classname="testNGFlag.Flag4" name="ft" time="0.000"/>
  <system-out>
    <![CDATA[FTC is executing!!!]]>
  </system-out>
  <testcase classname="testNGFlag.Flag4" name="ft" time="0.000"/>
  <system-out>
    <![CDATA[FTC is executing!!!]]>
  </system-out>
  <testcase classname="testNGFlag.Flag4" name="ft" time="0.000"/>
  <system-out>
    <![CDATA[FTC is executing!!!]]>
  </system-out>
  <testcase classname="testNGFlag.Flag4" name="ft" time="0.000"/>
  <system-out>
    <![CDATA[FTC is executing!!!]]>
  </system-out>
  <testcase classname="testNGFlag.Flag4" name="ft" time="0.000"/>
  <system-out>
    <![CDATA[FTC is executing!!!]]>
  </system-out>
  <testcase classname="testNGFlag.Flag4" name="ft" time="0.001"/>
  <system-out>
    <![CDATA[FTC is executing!!!]]>
  </system-out>
  <testcase classname="testNGFlag.Flag4" name="ft" time="0.001"/>
  <system-out>
    <![CDATA[FTC is executing!!!]]>
  </system-out>
  <testcase classname="testNGFlag.Flag4" name="ft" time="0.000"/>
  <system-out>
    <![CDATA[FTC is executing!!!]]>
  </system-out>
  <testcase classname="testNGFlag.Flag4" name="ft" time="0.001"/>
  <system-out>
    <![CDATA[FTC is executing!!!]]>
  </system-out>
  <testcase classname="testNGFlag.Flag4" name="ft" time="0.001"/>
  <system-out>
    <![CDATA[FTC is executing!!!]]>
  </system-out>
  <testcase classname="testNGFlag.Flag4" name="ft" time="0.000"/>
  <system-out>
    <![CDATA[FTC is executing!!!]]>
  </system-out>
  <testcase classname="testNGFlag.Flag4" name="ft" time="0.000"/>
  <system-out>
    <![CDATA[FTC is executing!!!]]>
  </system-out>
  <testcase classname="testNGFlag.Flag4" name="ft" time="0.000"/>
  <system-out>
    <![CDATA[FTC is executing!!!]]>
  </system-out>
  <testcase classname="testNGFlag.Flag4" name="ft" time="0.000"/>
  <system-out>
    <![CDATA[FTC is executing!!!]]>
  </system-out>
  <testcase classname="testNGFlag.Flag4" name="ft" time="0.000"/>
  <system-out>
    <![CDATA[FTC is executing!!!]]>
  </system-out>
  <testcase classname="testNGFlag.Flag4" name="ft" time="0.000"/>
  <system-out>
    <![CDATA[FTC is executing!!!]]>
  </system-out>
  <testcase classname="testNGFlag.Flag4" name="ft" time="0.001"/>
  <system-out>
    <![CDATA[FTC is executing!!!]]>
  </system-out>
  <testcase classname="testNGFlag.Flag4" name="ft" time="0.001"/>
  <system-out>
    <![CDATA[FTC is executing!!!]]>
  </system-out>
  <testcase classname="testNGFlag.Flag4" name="ft" time="0.000"/>
  <system-out>
    <![CDATA[FTC is executing!!!]]>
  </system-out>
  <testcase classname="testNGFlag.Flag4" name="ft" time="0.001"/>
  <system-out>
    <![CDATA[FTC is executing!!!]]>
  </system-out>
  <testcase classname="testNGFlag.Flag4" name="ft" time="0.000"/>
  <system-out>
    <![CDATA[FTC is executing!!!]]>
  </system-out>
  <testcase classname="testNGFlag.Flag4" name="ft" time="0.000"/>
  <system-out>
    <![CDATA[FTC is executing!!!]]>
  </system-out>
  <testcase classname="testNGFlag.Flag4" name="ft" time="0.000"/>
  <system-out>
    <![CDATA[FTC is executing!!!]]>
  </system-out>
  <testcase classname="testNGFlag.Flag4" name="ft" time="0.000"/>
  <system-out>
    <![CDATA[FTC is executing!!!]]>
  </system-out>
  <testcase classname="testNGFlag.Flag4" name="ft" time="0.000"/>
  <system-out>
    <![CDATA[FTC is executing!!!]]>
  </system-out>
  <testcase classname="testNGFlag.Flag4" name="ft" time="0.002"/>
  <system-out>
    <![CDATA[FTC is executing!!!]]>
  </system-out>
  <testcase classname="testNGFlag.Flag4" name="ft" time="0.000"/>
  <system-out>
    <![CDATA[FTC is executing!!!]]>
  </system-out>
  <testcase classname="testNGFlag.Flag4" name="ft" time="0.058"/>
  <system-out>
    <![CDATA[FTC is executing!!!]]>
  </system-out>
  <testcase classname="testNGFlag.Flag4" name="ft" time="0.001"/>
  <system-out>
    <![CDATA[FTC is executing!!!]]>
  </system-out>
  <testcase classname="testNGFlag.Flag4" name="ft" time="0.001"/>
  <system-out>
    <![CDATA[FTC is executing!!!]]>
  </system-out>
  <testcase classname="testNGFlag.Flag4" name="ft" time="0.000"/>
  <system-out>
    <![CDATA[FTC is executing!!!]]>
  </system-out>
  <testcase classname="testNGFlag.Flag4" name="ft" time="0.000"/>
  <system-out>
    <![CDATA[FTC is executing!!!]]>
  </system-out>
  <testcase classname="testNGFlag.Flag4" name="ft" time="0.001"/>
  <system-out>
    <![CDATA[FTC is executing!!!]]>
  </system-out>
  <testcase classname="testNGFlag.Flag4" name="ft" time="0.000"/>
  <system-out>
    <![CDATA[FTC is executing!!!]]>
  </system-out>
  <testcase classname="testNGFlag.Flag4" name="ft" time="0.000"/>
  <system-out>
    <![CDATA[FTC is executing!!!]]>
  </system-out>
  <testcase classname="testNGFlag.Flag4" name="ft" time="0.000"/>
  <system-out>
    <![CDATA[FTC is executing!!!]]>
  </system-out>
  <testcase classname="testNGFlag.Flag4" name="ft" time="0.001"/>
  <system-out>
    <![CDATA[FTC is executing!!!]]>
  </system-out>
  <testcase classname="testNGFlag.Flag4" name="ft" time="0.000"/>
  <system-out>
    <![CDATA[FTC is executing!!!]]>
  </system-out>
  <testcase classname="testNGFlag.Flag4" name="ft" time="0.001"/>
  <system-out>
    <![CDATA[FTC is executing!!!]]>
  </system-out>
  <testcase classname="testNGFlag.Flag4" name="ft" time="0.000"/>
  <system-out>
    <![CDATA[FTC is executing!!!]]>
  </system-out>
  <testcase classname="testNGFlag.Flag4" name="ft" time="0.000"/>
  <system-out>
    <![CDATA[FTC is executing!!!]]>
  </system-out>
  <testcase classname="testNGFlag.Flag4" name="ft" time="0.001"/>
  <system-out>
    <![CDATA[FTC is executing!!!]]>
  </system-out>
  <testcase classname="testNGFlag.Flag4" name="ft" time="0.001"/>
  <system-out>
    <![CDATA[FTC is executing!!!]]>
  </system-out>
  <testcase classname="testNGFlag.Flag4" name="ft" time="0.003"/>
  <system-out>
    <![CDATA[FTC is executing!!!]]>
  </system-out>
  <testcase classname="testNGFlag.Flag4" name="ft" time="0.000"/>
  <system-out>
    <![CDATA[FTC is executing!!!]]>
  </system-out>
  <testcase classname="testNGFlag.Flag4" name="ft" time="0.002"/>
  <system-out>
    <![CDATA[FTC is executing!!!]]>
  </system-out>
  <testcase classname="testNGFlag.Flag4" name="ft" time="0.000"/>
  <system-out>
    <![CDATA[FTC is executing!!!]]>
  </system-out>
  <testcase classname="testNGFlag.Flag4" name="ft" time="0.065"/>
  <system-out>
    <![CDATA[FTC is executing!!!]]>
  </system-out>
  <testcase classname="testNGFlag.Flag4" name="ft" time="0.000"/>
  <system-out>
    <![CDATA[FTC is executing!!!]]>
  </system-out>
  <testcase classname="testNGFlag.Flag4" name="ft" time="0.001"/>
  <system-out>
    <![CDATA[FTC is executing!!!]]>
  </system-out>
  <testcase classname="testNGFlag.Flag4" name="ft" time="0.000"/>
  <system-out>
    <![CDATA[FTC is executing!!!]]>
  </system-out>
  <testcase classname="testNGFlag.Flag4" name="ft" time="0.000"/>
  <system-out>
    <![CDATA[FTC is executing!!!]]>
  </system-out>
  <testcase classname="testNGFlag.Flag4" name="ft" time="0.000"/>
  <system-out>
    <![CDATA[FTC is executing!!!]]>
  </system-out>
  <testcase classname="testNGFlag.Flag4" name="ft" time="0.002"/>
  <system-out>
    <![CDATA[FTC is executing!!!]]>
  </system-out>
  <testcase classname="testNGFlag.Flag4" name="ft" time="0.001"/>
  <system-out>
    <![CDATA[FTC is executing!!!]]>
  </system-out>
  <testcase classname="testNGFlag.Flag4" name="ft" time="0.000"/>
  <system-out>
    <![CDATA[FTC is executing!!!]]>
  </system-out>
  <testcase classname="testNGFlag.Flag4" name="ft" time="0.000"/>
  <system-out>
    <![CDATA[FTC is executing!!!]]>
  </system-out>
  <testcase classname="testNGFlag.Flag4" name="ft" time="0.000"/>
  <system-out>
    <![CDATA[FTC is executing!!!]]>
  </system-out>
  <testcase classname="testNGFlag.Flag4" name="ft" time="0.000"/>
  <system-out>
    <![CDATA[FTC is executing!!!]]>
  </system-out>
  <testcase classname="testNGFlag.Flag4" name="ft" time="0.000"/>
  <system-out>
    <![CDATA[FTC is executing!!!]]>
  </system-out>
  <testcase classname="testNGFlag.Flag4" name="ft" time="0.905"/>
  <system-out>
    <![CDATA[FTC is executing!!!]]>
  </system-out>
  <testcase classname="testNGFlag.Flag4" name="ft" time="0.000"/>
  <system-out>
    <![CDATA[FTC is executing!!!]]>
  </system-out>
  <testcase classname="testNGFlag.Flag4" name="ft" time="0.001"/>
  <system-out>
    <![CDATA[FTC is executing!!!]]>
  </system-out>
  <testcase classname="testNGFlag.Flag4" name="ft" time="0.000"/>
  <system-out>
    <![CDATA[FTC is executing!!!]]>
  </system-out>
  <testcase classname="testNGFlag.Flag4" name="ft" time="0.000"/>
  <system-out>
    <![CDATA[FTC is executing!!!]]>
  </system-out>
  <testcase classname="testNGFlag.Flag4" name="ft" time="0.001"/>
  <system-out>
    <![CDATA[FTC is executing!!!]]>
  </system-out>
  <testcase classname="testNGFlag.Flag4" name="ft" time="0.001"/>
  <system-out>
    <![CDATA[FTC is executing!!!]]>
  </system-out>
  <testcase classname="testNGFlag.Flag4" name="ft" time="0.000"/>
  <system-out>
    <![CDATA[FTC is executing!!!]]>
  </system-out>
  <testcase classname="testNGFlag.Flag4" name="ft" time="0.000"/>
  <system-out>
    <![CDATA[FTC is executing!!!]]>
  </system-out>
  <testcase classname="testNGFlag.Flag4" name="ft" time="0.000"/>
  <system-out>
    <![CDATA[FTC is executing!!!]]>
  </system-out>
  <testcase classname="testNGFlag.Flag4" name="ft" time="0.000"/>
  <system-out>
    <![CDATA[FTC is executing!!!]]>
  </system-out>
  <testcase classname="testNGFlag.Flag4" name="ft" time="0.000"/>
  <system-out>
    <![CDATA[FTC is executing!!!]]>
  </system-out>
  <testcase classname="testNGFlag.Flag4" name="ft" time="0.000"/>
  <system-out>
    <![CDATA[FTC is executing!!!]]>
  </system-out>
  <testcase classname="testNGFlag.Flag4" name="ft" time="0.000"/>
  <system-out>
    <![CDATA[FTC is executing!!!]]>
  </system-out>
  <testcase classname="testNGFlag.Flag4" name="ft" time="0.001"/>
  <system-out>
    <![CDATA[FTC is executing!!!]]>
  </system-out>
  <testcase classname="testNGFlag.Flag4" name="ft" time="0.000"/>
  <system-out>
    <![CDATA[FTC is executing!!!]]>
  </system-out>
  <testcase classname="testNGFlag.Flag4" name="ft" time="0.000"/>
  <system-out>
    <![CDATA[FTC is executing!!!]]>
  </system-out>
  <testcase classname="testNGFlag.Flag4" name="ft" time="0.000"/>
  <system-out>
    <![CDATA[FTC is executing!!!]]>
  </system-out>
  <testcase classname="testNGFlag.Flag4" name="ft" time="0.000"/>
  <system-out>
    <![CDATA[FTC is executing!!!]]>
  </system-out>
  <testcase classname="testNGFlag.Flag4" name="ft" time="0.000"/>
  <system-out>
    <![CDATA[FTC is executing!!!]]>
  </system-out>
  <testcase classname="testNGFlag.Flag4" name="ft" time="0.000"/>
  <system-out>
    <![CDATA[FTC is executing!!!]]>
  </system-out>
  <testcase classname="testNGFlag.Flag4" name="ft" time="0.000"/>
  <system-out>
    <![CDATA[FTC is executing!!!]]>
  </system-out>
  <testcase classname="testNGFlag.Flag4" name="ft" time="0.000"/>
  <system-out>
    <![CDATA[FTC is executing!!!]]>
  </system-out>
  <testcase classname="testNGFlag.Flag4" name="ft" time="0.001"/>
  <system-out>
    <![CDATA[FTC is executing!!!]]>
  </system-out>
  <testcase classname="testNGFlag.Flag4" name="ft" time="0.001"/>
  <system-out>
    <![CDATA[FTC is executing!!!]]>
  </system-out>
  <testcase classname="testNGFlag.Flag4" name="ft" time="0.000"/>
  <system-out>
    <![CDATA[FTC is executing!!!]]>
  </system-out>
  <testcase classname="testNGFlag.Flag4" name="ft" time="0.000"/>
  <system-out>
    <![CDATA[FTC is executing!!!]]>
  </system-out>
  <testcase classname="testNGFlag.Flag4" name="ft" time="0.000"/>
  <system-out>
    <![CDATA[FTC is executing!!!]]>
  </system-out>
  <testcase classname="testNGFlag.Flag4" name="ft" time="0.001"/>
  <system-out>
    <![CDATA[FTC is executing!!!]]>
  </system-out>
  <testcase classname="testNGFlag.Flag4" name="ft" time="0.000"/>
  <system-out>
    <![CDATA[FTC is executing!!!]]>
  </system-out>
  <testcase classname="testNGFlag.Flag4" name="ft" time="0.003"/>
  <system-out>
    <![CDATA[FTC is executing!!!]]>
  </system-out>
  <testcase classname="testNGFlag.Flag4" name="ft" time="0.000"/>
  <system-out>
    <![CDATA[FTC is executing!!!]]>
  </system-out>
  <testcase classname="testNGFlag.Flag4" name="ft" time="0.001"/>
  <system-out>
    <![CDATA[FTC is executing!!!]]>
  </system-out>
  <testcase classname="testNGFlag.Flag4" name="ft" time="0.000"/>
  <system-out>
    <![CDATA[FTC is executing!!!]]>
  </system-out>
  <testcase classname="testNGFlag.Flag4" name="ft" time="0.000"/>
  <system-out>
    <![CDATA[FTC is executing!!!]]>
  </system-out>
  <testcase classname="testNGFlag.Flag4" name="ft" time="0.001"/>
  <system-out>
    <![CDATA[FTC is executing!!!]]>
  </system-out>
  <testcase classname="testNGFlag.Flag4" name="ft" time="0.000"/>
  <system-out>
    <![CDATA[FTC is executing!!!]]>
  </system-out>
  <testcase classname="testNGFlag.Flag4" name="ft" time="0.000"/>
  <system-out>
    <![CDATA[FTC is executing!!!]]>
  </system-out>
  <testcase classname="testNGFlag.Flag4" name="ft" time="0.001"/>
  <system-out>
    <![CDATA[FTC is executing!!!]]>
  </system-out>
  <testcase classname="testNGFlag.Flag4" name="ft" time="0.000"/>
  <system-out>
    <![CDATA[FTC is executing!!!]]>
  </system-out>
  <testcase classname="testNGFlag.Flag4" name="ft" time="0.000"/>
  <system-out>
    <![CDATA[FTC is executing!!!]]>
  </system-out>
  <testcase classname="testNGFlag.Flag4" name="ft" time="0.000"/>
  <system-out>
    <![CDATA[FTC is executing!!!]]>
  </system-out>
  <testcase classname="testNGFlag.Flag4" name="ft" time="0.000"/>
  <system-out>
    <![CDATA[FTC is executing!!!]]>
  </system-out>
  <testcase classname="testNGFlag.Flag4" name="ft" time="0.001"/>
  <system-out>
    <![CDATA[FTC is executing!!!]]>
  </system-out>
  <testcase classname="testNGFlag.Flag4" name="ft" time="0.000"/>
[...]
  <testcase classname="testNGFlag.Flag4" name="ft" time="0.000"/>
  <system-out>
    <![CDATA[FTC is executing!!!]]>
  </system-out>
  <testcase classname="testNGFlag.Flag4" name="ft" time="0.010"/>
  <system-out>
    <![CDATA[FTC is executing!!!]]>
  </system-out>
  <testcase classname="testNGFlag.Flag4" name="ft" time="0.000"/>
  <system-out>
    <![CDATA[FTC is executing!!!]]>
  </system-out>
  <testcase classname="testNGFlag.Flag4" name="ft" time="0.001"/>
  <system-out>
    <![CDATA[FTC is executing!!!]]>
  </system-out>
  <testcase classname="testNGFlag.Flag4" name="ft" time="0.001"/>
  <system-out>
    <![CDATA[FTC is executing!!!]]>
  </system-out>
  <testcase classname="testNGFlag.Flag4" name="ft" time="0.000"/>
  <system-out>
    <![CDATA[FTC is executing!!!]]>
  </system-out>
  <testcase classname="testNGFlag.Flag4" name="ft" time="0.003"/>
  <system-out>
    <![CDATA[FTC is executing!!!]]>
  </system-out>
  <testcase classname="testNGFlag.Flag4" name="ft" time="0.001"/>
  <system-out>
    <![CDATA[FTC is executing!!!]]>
  </system-out>
  <testcase classname="testNGFlag.Flag4" name="ft" time="0.000"/>
  <system-out>
    <![CDATA[FTC is executing!!!]]>
  </system-out>
  <testcase classname="testNGFlag.Flag4" name="ft" time="0.000"/>
  <system-out>
    <![CDATA[FTC is executing!!!]]>
  </system-out>
  <testcase classname="testNGFlag.Flag4" name="ft" time="0.001"/>
  <system-out>
    <![CDATA[FTC is executing!!!]]>
  </system-out>
  <testcase classname="testNGFlag.Flag4" name="ft" time="0.000"/>
  <system-out>
    <![CDATA[FTC is executing!!!]]>
  </system-out>
  <testcase classname="testNGFlag.Flag4" name="ft" time="0.000"/>
  <system-out>
    <![CDATA[FTC is executing!!!]]>
  </system-out>
  <testcase classname="testNGFlag.Flag4" name="ft" time="0.001"/>
  <system-out>
    <![CDATA[FTC is executing!!!]]>
  </system-out>
  <testcase classname="testNGFlag.Flag4" name="ft" time="0.000"/>
  <system-out>
    <![CDATA[FTC is executing!!!]]>
  </system-out>
  <testcase classname="testNGFlag.Flag4" name="ft" time="0.000"/>
  <system-out>
    <![CDATA[FTC is executing!!!]]>
  </system-out>
  <testcase classname="testNGFlag.Flag4" name="ft" time="0.002"/>
  <system-out>
    <![CDATA[FTC is executing!!!]]>
  </system-out>
  <testcase classname="testNGFlag.Flag4" name="ft" time="0.000"/>
  <system-out>
    <![CDATA[FTC is executing!!!]]>
  </system-out>
  <testcase classname="testNGFlag.Flag4" name="ft" time="0.000"/>
  <system-out>
    <![CDATA[FTC is executing!!!]]>
  </system-out>
  <testcase classname="testNGFlag.Flag4" name="ft" time="0.001"/>
  <system-out>
    <![CDATA[FTC is executing!!!]]>
  </system-out>
  <testcase classname="testNGFlag.Flag4" name="ft" time="0.000"/>
  <system-out>
    <![CDATA[FTC is executing!!!]]>
  </system-out>
  <testcase classname="testNGFlag.Flag4" name="ft" time="0.000"/>
  <system-out>
    <![CDATA[FTC is executing!!!]]>
  </system-out>
  <testcase classname="testNGFlag.Flag4" name="ft" time="0.000"/>
  <system-out>
    <![CDATA[FTC is executing!!!]]>
  </system-out>
  <testcase classname="testNGFlag.Flag4" name="ft" time="0.000"/>
  <system-out>
    <![CDATA[FTC is executing!!!]]>
  </system-out>
  <testcase classname="testNGFlag.Flag4" name="ft" time="0.000"/>
  <system-out>
    <![CDATA[FTC is executing!!!]]>
  </system-out>
  <testcase classname="testNGFlag.Flag4" name="ft" time="0.000"/>
  <system-out>
    <![CDATA[FTC is executing!!!]]>
  </system-out>
  <testcase classname="testNGFlag.Flag4" name="ft" time="0.000"/>
  <system-out>
    <![CDATA[FTC is executing!!!]]>
  </system-out>
  <testcase classname="testNGFlag.Flag4" name="ft" time="0.000"/>
  <system-out>
    <![CDATA[FTC is executing!!!]]>
  </system-out>
  <testcase classname="testNGFlag.Flag4" name="ft" time="0.001"/>
  <system-out>
    <![CDATA[FTC is executing!!!]]>
  </system-out>
  <testcase classname="testNGFlag.Flag4" name="ft" time="0.001"/>
  <system-out>
    <![CDATA[FTC is executing!!!]]>
  </system-out>
  <testcase classname="testNGFlag.Flag4" name="ft" time="0.000"/>
  <system-out>
    <![CDATA[FTC is executing!!!]]>
  </system-out>
  <testcase classname="testNGFlag.Flag4" name="ft" time="0.000"/>
  <system-out>
    <![CDATA[FTC is executing!!!]]>
  </system-out>
  <testcase classname="testNGFlag.Flag4" name="ft" time="0.001"/>
  <system-out>
    <![CDATA[FTC is executing!!!]]>
  </system-out>
  <testcase classname="testNGFlag.Flag4" name="ft" time="0.001"/>
  <system-out>
    <![CDATA[FTC is executing!!!]]>
  </system-out>
  <testcase classname="testNGFlag.Flag4" name="ft" time="0.000"/>
  <system-out>
    <![CDATA[FTC is executing!!!]]>
  </system-out>
  <testcase classname="testNGFlag.Flag4" name="ft" time="0.000"/>
  <system-out>
    <![CDATA[FTC is executing!!!]]>
  </system-out>
  <testcase classname="testNGFlag.Flag4" name="ft" time="0.009"/>
  <system-out>
    <![CDATA[FTC is executing!!!]]>
  </system-out>
  <testcase classname="testNGFlag.Flag4" name="ft" time="0.000"/>
  <system-out>
    <![CDATA[FTC is executing!!!]]>
  </system-out>
  <testcase classname="testNGFlag.Flag4" name="ft" time="0.003"/>
  <system-out>
    <![CDATA[FTC is executing!!!]]>
  </system-out>
  <testcase classname="testNGFlag.Flag4" name="ft" time="0.002"/>
  <system-out>
    <![CDATA[FTC is executing!!!]]>
  </system-out>
  <testcase classname="testNGFlag.Flag4" name="ft" time="0.000"/>
  <system-out>
    <![CDATA[FTC is executing!!!]]>
  </system-out>
  <testcase classname="testNGFlag.Flag4" name="ft" time="0.000"/>
  <system-out>
    <![CDATA[FTC is executing!!!]]>
  </system-out>
  <testcase classname="testNGFlag.Flag4" name="ft" time="0.000"/>
  <system-out>
    <![CDATA[FTC is executing!!!]]>
  </system-out>
  <testcase classname="testNGFlag.Flag4" name="ft" time="0.001"/>
  <system-out>
    <![CDATA[FTC is executing!!!]]>
  </system-out>
  <testcase classname="testNGFlag.Flag4" name="ft" time="0.000"/>
  <system-out>
    <![CDATA[FTC is executing!!!]]>
  </system-out>
  <testcase classname="testNGFlag.Flag4" name="ft" time="0.000"/>
  <system-out>
    <![CDATA[FTC is executing!!!]]>
  </system-out>
  <testcase classname="testNGFlag.Flag4" name="ft" time="0.000"/>
  <system-out>
    <![CDATA[FTC is executing!!!]]>
  </system-out>
  <testcase classname="testNGFlag.Flag4" name="ft" time="0.000"/>
  <system-out>
    <![CDATA[FTC is executing!!!]]>
  </system-out>
  <testcase classname="testNGFlag.Flag4" name="ft" time="0.000"/>
  <system-out>
    <![CDATA[FTC is executing!!!]]>
  </system-out>
  <testcase classname="testNGFlag.Flag4" name="ft" time="0.000"/>
  <system-out>
    <![CDATA[FTC is executing!!!]]>
  </system-out>
  <testcase classname="testNGFlag.Flag4" name="ft" time="0.001"/>
  <system-out>
    <![CDATA[FTC is executing!!!]]>
  </system-out>
  <testcase classname="testNGFlag.Flag4" name="ft" time="0.000"/>
  <system-out>
    <![CDATA[FTC is executing!!!]]>
  </system-out>
  <testcase classname="testNGFlag.Flag4" name="ft" time="0.000"/>
  <system-out>
    <![CDATA[FTC is executing!!!]]>
  </system-out>
  <testcase classname="testNGFlag.Flag4" name="ft" time="0.000"/>
  <system-out>
    <![CDATA[FTC is executing!!!]]>
  </system-out>
  <testcase classname="testNGFlag.Flag4" name="ft" time="0.000"/>
  <system-out>
    <![CDATA[FTC is executing!!!]]>
  </system-out>
  <testcase classname="testNGFlag.Flag4" name="ft" time="0.000"/>
  <system-out>
    <![CDATA[FTC is executing!!!]]>
  </system-out>
  <testcase classname="testNGFlag.Flag4" name="ft" time="0.005"/>
  <system-out>
    <![CDATA[FTC is executing!!!]]>
  </system-out>
  <testcase classname="testNGFlag.Flag4" name="ft" time="0.000"/>
  <system-out>
    <![CDATA[FTC is executing!!!]]>
  </system-out>
  <testcase classname="testNGFlag.Flag4" name="ft" time="0.000"/>
  <system-out>
    <![CDATA[FTC is executing!!!]]>
  </system-out>
  <testcase classname="testNGFlag.Flag4" name="ft" time="0.001"/>
  <system-out>
    <![CDATA[FTC is executing!!!]]>
  </system-out>
  <testcase classname="testNGFlag.Flag4" name="ft" time="0.000"/>
  <system-out>
    <![CDATA[FTC is executing!!!]]>
  </system-out>
  <testcase classname="testNGFlag.Flag4" name="ft" time="0.001"/>
  <system-out>
    <![CDATA[FTC is executing!!!]]>
  </system-out>
  <testcase classname="testNGFlag.Flag4" name="ft" time="0.000"/>
  <system-out>
    <![CDATA[FTC is executing!!!]]>
  </system-out>
  <testcase classname="testNGFlag.Flag4" name="ft" time="0.000"/>
  <system-out>
    <![CDATA[FTC is executing!!!]]>
  </system-out>
  <testcase classname="testNGFlag.Flag4" name="ft" time="0.001"/>
  <system-out>
    <![CDATA[FTC is executing!!!]]>
  </system-out>
  <testcase classname="testNGFlag.Flag4" name="ft" time="0.000"/>
  <system-out>
    <![CDATA[FTC is executing!!!]]>
  </system-out>
  <testcase classname="testNGFlag.Flag4" name="ft" time="0.000"/>
  <system-out>
    <![CDATA[FTC is executing!!!]]>
  </system-out>
  <testcase classname="testNGFlag.Flag4" name="ft" time="0.000"/>
  <system-out>
    <![CDATA[FTC is executing!!!]]>
  </system-out>
  <testcase classname="testNGFlag.Flag4" name="ft" time="0.000"/>
  <system-out>
    <![CDATA[FTC is executing!!!]]>
  </system-out>
  <testcase classname="testNGFlag.Flag4" name="ft" time="0.000"/>
  <system-out>
    <![CDATA[FTC is executing!!!]]>
  </system-out>
  <testcase classname="testNGFlag.Flag4" name="ft" time="0.000"/>
  <system-out>
    <![CDATA[FTC is executing!!!]]>
  </system-out>
  <testcase classname="testNGFlag.Flag4" name="ft" time="0.000"/>
  <system-out>
    <![CDATA[FTC is executing!!!]]>
  </system-out>
  <testcase classname="testNGFlag.Flag4" name="ft" time="0.000"/>
  <system-out>
    <![CDATA[FTC is executing!!!]]>
  </system-out>
  <testcase classname="testNGFlag.Flag4" name="ft" time="0.000"/>
  <system-out>
    <![CDATA[FTC is executing!!!]]>
  </system-out>
  <testcase classname="testNGFlag.Flag4" name="ft" time="0.001"/>
  <system-out>
    <![CDATA[FTC is executing!!!]]>
  </system-out>
  <testcase classname="testNGFlag.Flag4" name="ft" time="0.000"/>
  <system-out>
    <![CDATA[FTC is executing!!!]]>
  </system-out>
  <testcase classname="testNGFlag.Flag4" name="ft" time="0.001"/>
  <system-out>
    <![CDATA[FTC is executing!!!]]>
  </system-out>
  <testcase classname="testNGFlag.Flag4" name="ft" time="0.000"/>
  <system-out>
    <![CDATA[FTC is executing!!!]]>
  </system-out>
  <testcase classname="testNGFlag.Flag4" name="ft" time="0.000"/>
  <system-out>
    <![CDATA[FTC is executing!!!]]>
  </system-out>
  <testcase classname="testNGFlag.Flag4" name="ft" time="0.000"/>
  <system-out>
    <![CDATA[FTC is executing!!!]]>
  </system-out>
  <testcase classname="testNGFlag.Flag4" name="ft" time="0.000"/>
  <system-out>
    <![CDATA[FTC is executing!!!]]>
  </system-out>
  <testcase classname="testNGFlag.Flag4" name="ft" time="0.000"/>
  <system-out>
    <![CDATA[FTC is executing!!!]]>
  </system-out>
  <testcase classname="testNGFlag.Flag4" name="ft" time="0.021"/>
  <system-out>
    <![CDATA[FTC is executing!!!]]>
  </system-out>
  <testcase classname="testNGFlag.Flag4" name="ft" time="0.087"/>
  <system-out>
    <![CDATA[FTC is executing!!!]]>
  </system-out>
  <testcase classname="testNGFlag.Flag4" name="ft" time="0.001"/>
  <system-out>
    <![CDATA[FTC is executing!!!]]>
  </system-out>
  <testcase classname="testNGFlag.Flag4" name="ft" time="0.000"/>
  <system-out>
    <![CDATA[FTC is executing!!!]]>
  </system-out>
  <testcase classname="testNGFlag.Flag4" name="ft" time="0.002"/>
  <system-out>
    <![CDATA[FTC is executing!!!]]>
  </system-out>
  <testcase classname="testNGFlag.Flag4" name="ft" time="0.000"/>
  <system-out>
    <![CDATA[FTC is executing!!!]]>
  </system-out>
  <testcase classname="testNGFlag.Flag4" name="ft" time="0.000"/>
  <system-out>
    <![CDATA[FTC is executing!!!]]>
  </system-out>
  <testcase classname="testNGFlag.Flag4" name="ft" time="0.000"/>
  <system-out>
    <![CDATA[FTC is executing!!!]]>
  </system-out>
  <testcase classname="testNGFlag.Flag4" name="ft" time="0.000"/>
  <system-out>
    <![CDATA[FTC is executing!!!]]>
  </system-out>
  <testcase classname="testNGFlag.Flag4" name="ft" time="0.002"/>
  <system-out>
    <![CDATA[FTC is executing!!!]]>
  </system-out>
  <testcase classname="testNGFlag.Flag4" name="ft" time="0.002"/>
  <system-out>
    <![CDATA[FTC is executing!!!]]>
  </system-out>
  <testcase classname="testNGFlag.Flag4" name="ft" time="0.027"/>
  <system-out>
    <![CDATA[FTC is executing!!!]]>
  </system-out>
  <testcase classname="testNGFlag.Flag4" name="ft" time="0.000"/>
  <system-out>
    <![CDATA[FTC is executing!!!]]>
  </system-out>
  <testcase classname="testNGFlag.Flag4" name="ft" time="0.000"/>
  <system-out>
    <![CDATA[FTC is executing!!!]]>
  </system-out>
  <testcase classname="testNGFlag.Flag4" name="ft" time="0.000"/>
  <system-out>
    <![CDATA[FTC is executing!!!]]>
  </system-out>
  <testcase classname="testNGFlag.Flag4" name="ft" time="0.000"/>
  <system-out>
    <![CDATA[FTC is executing!!!]]>
  </system-out>
  <testcase classname="testNGFlag.Flag4" name="ft" time="0.000"/>
  <system-out>
    <![CDATA[FTC is executing!!!]]>
  </system-out>
  <testcase classname="testNGFlag.Flag4" name="ft" time="0.000"/>
  <system-out>
    <![CDATA[FTC is executing!!!]]>
  </system-out>
  <testcase classname="testNGFlag.Flag4" name="ft" time="0.000"/>
  <system-out>
    <![CDATA[FTC is executing!!!]]>
  </system-out>
  <testcase classname="testNGFlag.Flag4" name="ft" time="0.006"/>
  <system-out>
    <![CDATA[FTC is executing!!!]]>
  </system-out>
  <testcase classname="testNGFlag.Flag4" name="ft" time="0.002"/>
  <system-out>
    <![CDATA[FTC is executing!!!]]>
  </system-out>
  <testcase classname="testNGFlag.Flag4" name="ft" time="0.000"/>
  <system-out>
    <![CDATA[FTC is executing!!!]]>
  </system-out>
  <testcase classname="testNGFlag.Flag4" name="ft" time="0.000"/>
  <system-out>
    <![CDATA[FTC is executing!!!]]>
  </system-out>
  <testcase classname="testNGFlag.Flag4" name="ft" time="0.001"/>
  <system-out>
    <![CDATA[FTC is executing!!!]]>
  </system-out>
  <testcase classname="testNGFlag.Flag4" name="ft" time="0.000"/>
  <system-out>
    <![CDATA[FTC is executing!!!]]>
  </system-out>
  <testcase classname="testNGFlag.Flag4" name="ft" time="0.001"/>
  <system-out>
    <![CDATA[FTC is executing!!!]]>
  </system-out>
  <testcase classname="testNGFlag.Flag4" name="ft" time="0.000"/>
  <system-out>
    <![CDATA[FTC is executing!!!]]>
  </system-out>
  <testcase classname="testNGFlag.Flag4" name="ft" time="0.000"/>
  <system-out>
    <![CDATA[FTC is executing!!!]]>
  </system-out>
  <testcase classname="testNGFlag.Flag4" name="ft" time="0.000"/>
  <system-out>
    <![CDATA[FTC is executing!!!]]>
  </system-out>
  <testcase classname="testNGFlag.Flag4" name="ft" time="0.000"/>
  <system-out>
    <![CDATA[FTC is executing!!!]]>
  </system-out>
  <testcase classname="testNGFlag.Flag4" name="ft" time="0.000"/>
  <system-out>
    <![CDATA[FTC is executing!!!]]>
  </system-out>
  <testcase classname="testNGFlag.Flag4" name="ft" time="0.001"/>
  <system-out>
    <![CDATA[FTC is executing!!!]]>
  </system-out>
  <testcase classname="testNGFlag.Flag4" name="ft" time="0.000"/>
  <system-out>
    <![CDATA[FTC is executing!!!]]>
  </system-out>
  <testcase classname="testNGFlag.Flag4" name="ft" time="0.000"/>
  <system-out>
    <![CDATA[FTC is executing!!!]]>
  </system-out>
  <testcase classname="testNGFlag.Flag4" name="ft" time="0.001"/>
  <system-out>
    <![CDATA[FTC is executing!!!]]>
  </system-out>
  <testcase classname="testNGFlag.Flag4" name="ft" time="0.000"/>
  <system-out>
    <![CDATA[FTC is executing!!!]]>
  </system-out>
  <testcase classname="testNGFlag.Flag4" name="ft" time="0.000"/>
  <system-out>
    <![CDATA[FTC is executing!!!]]>
  </system-out>
  <testcase classname="testNGFlag.Flag4" name="ft" time="0.000"/>
  <system-out>
    <![CDATA[FTC is executing!!!]]>
  </system-out>
  <testcase classname="testNGFlag.Flag4" name="ft" time="0.001"/>
  <system-out>
    <![CDATA[FTC is executing!!!]]>
  </system-out>
  <testcase classname="testNGFlag.Flag4" name="ft" time="0.000"/>
  <system-out>
    <![CDATA[FTC is executing!!!]]>
  </system-out>
  <testcase classname="testNGFlag.Flag4" name="ft" time="0.000"/>
  <system-out>
    <![CDATA[FTC is executing!!!]]>
  </system-out>
  <testcase classname="testNGFlag.Flag4" name="ft" time="0.000"/>
  <system-out>
    <![CDATA[FTC is executing!!!]]>
  </system-out>
  <testcase classname="testNGFlag.Flag4" name="ft" time="0.001"/>
  <system-out>
    <![CDATA[FTC is executing!!!]]>
  </system-out>
  <testcase classname="testNGFlag.Flag4" name="ft" time="0.000"/>
  <system-out>
    <![CDATA[FTC is executing!!!]]>
  </system-out>
  <testcase classname="testNGFlag.Flag4" name="ft" time="0.000"/>
  <system-out>
    <![CDATA[FTC is executing!!!]]>
  </system-out>
  <testcase classname="testNGFlag.Flag4" name="ft" time="0.000"/>
  <system-out>
    <![CDATA[FTC is executing!!!]]>
  </system-out>
  <testcase classname="testNGFlag.Flag4" name="ft" time="0.000"/>
  <system-out>
    <![CDATA[FTC is executing!!!]]>
  </system-out>
  <testcase classname="testNGFlag.Flag4" name="ft" time="0.001"/>
  <system-out>
    <![CDATA[FTC is executing!!!]]>
  </system-out>
  <testcase classname="testNGFlag.Flag4" name="ft" time="0.000"/>
  <system-out>
    <![CDATA[FTC is executing!!!]]>
  </system-out>
  <testcase classname="testNGFlag.Flag4" name="ft" time="0.000"/>
  <system-out>
    <![CDATA[FTC is executing!!!]]>
  </system-out>
  <testcase classname="testNGFlag.Flag4" name="ft" time="0.000"/>
  <system-out>
    <![CDATA[FTC is executing!!!]]>
  </system-out>
  <testcase classname="testNGFlag.Flag4" name="ft" time="0.005"/>
  <system-out>
    <![CDATA[FTC is executing!!!]]>
  </system-out>
  <testcase classname="testNGFlag.Flag4" name="ft" time="0.005"/>
  <system-out>
    <![CDATA[FTC is executing!!!]]>
  </system-out>
  <testcase classname="testNGFlag.Flag4" name="ft" time="0.000"/>
  <system-out>
    <![CDATA[FTC is executing!!!]]>
  </system-out>
  <testcase classname="testNGFlag.Flag4" name="ft" time="0.001"/>
  <system-out>
    <![CDATA[FTC is executing!!!]]>
  </system-out>
  <testcase classname="testNGFlag.Flag4" name="ft" time="0.003"/>
  <system-out>
    <![CDATA[FTC is executing!!!]]>
  </system-out>
  <testcase classname="testNGFlag.Flag4" name="ft" time="0.001"/>
  <system-out>
    <![CDATA[FTC is executing!!!]]>
  </system-out>
  <testcase classname="testNGFlag.Flag4" name="ft" time="0.000"/>
  <system-out>
    <![CDATA[FTC is executing!!!]]>
  </system-out>
  <testcase classname="testNGFlag.Flag4" name="ft" time="0.001"/>
  <system-out>
    <![CDATA[FTC is executing!!!]]>
  </system-out>
  <testcase classname="testNGFlag.Flag4" name="ft" time="0.000"/>
  <system-out>
    <![CDATA[FTC is executing!!!]]>
  </system-out>
  <testcase classname="testNGFlag.Flag4" name="ft" time="0.001"/>
  <system-out>
    <![CDATA[FTC is executing!!!]]>
  </system-out>
  <testcase classname="testNGFlag.Flag4" name="ft" time="0.000"/>
  <system-out>
    <![CDATA[FTC is executing!!!]]>
  </system-out>
  <testcase classname="testNGFlag.Flag4" name="ft" time="0.001"/>
  <system-out>
    <![CDATA[FTC is executing!!!]]>
  </system-out>
  <testcase classname="testNGFlag.Flag4" name="ft" time="0.000"/>
  <system-out>
    <![CDATA[FTC is executing!!!]]>
  </system-out>
  <testcase classname="testNGFlag.Flag4" name="ft" time="0.000"/>
  <system-out>
    <![CDATA[FTC is executing!!!]]>
  </system-out>
  <testcase classname="testNGFlag.Flag4" name="ft" time="0.000"/>
  <system-out>
    <![CDATA[FTC is executing!!!]]>
  </system-out>
  <testcase classname="testNGFlag.Flag4" name="ft" time="0.000"/>
  <system-out>
    <![CDATA[FTC is executing!!!]]>
  </system-out>
  <testcase classname="testNGFlag.Flag4" name="ft" time="0.000"/>
  <system-out>
    <![CDATA[FTC is executing!!!]]>
  </system-out>
</testsuite> <!-- testNGFlag.Flag4 -->
